[2020-05-18 06:42:49] local.ERROR: PDOException: PDO::__construct(): php_network_getaddresses: getaddrinfo failed: Der angegebene Host ist unbekannt.  in D:\Repositorys\lansweeperchocolateypatchdashboard\api-wsusinfo\web\vendor\illuminate\database\Connectors\Connector.php:70
Stack trace:
#0 D:\Repositorys\lansweeperchocolateypatchdashboard\api-wsusinfo\web\vendor\illuminate\database\Connectors\Connector.php(70): PDO->__construct('mysql:host=db-p...', 'db_wsusinfo', 'db_wsusinfo28ra...', Array)
#1 D:\Repositorys\lansweeperchocolateypatchdashboard\api-wsusinfo\web\vendor\illuminate\database\Connectors\Connector.php(46): Illuminate\Database\Connectors\Connector->createPdoConnection('mysql:host=db-p...', 'db_wsusinfo', 'db_wsusinfo28ra...', Array)
#2 D:\Repositorys\lansweeperchocolateypatchdashboard\api-wsusinfo\web\vendor\illuminate\database\Connectors\MySqlConnector.php(24): Illuminate\Database\Connectors\Connector->createConnection('mysql:host=db-p...', Array, Array)
#3 D:\Repositorys\lansweeperchocolateypatchdashboard\api-wsusinfo\web\vendor\illuminate\database\Connectors\ConnectionFactory.php(182): Illuminate\Database\Connectors\MySqlConnector->connect(Array)
#4 [internal function]: Illuminate\Database\Connectors\ConnectionFactory->Illuminate\Database\Connectors\{closure}()
#5 D:\Repositorys\lansweeperchocolateypatchdashboard\api-wsusinfo\web\vendor\illuminate\database\Connection.php(926): call_user_func(Object(Closure))
#6 D:\Repositorys\lansweeperchocolateypatchdashboard\api-wsusinfo\web\vendor\illuminate\database\Connection.php(961): Illuminate\Database\Connection->getPdo()
#7 D:\Repositorys\lansweeperchocolateypatchdashboard\api-wsusinfo\web\vendor\illuminate\database\Connection.php(405): Illuminate\Database\Connection->getReadPdo()
#8 D:\Repositorys\lansweeperchocolateypatchdashboard\api-wsusinfo\web\vendor\illuminate\database\Connection.php(331): Illuminate\Database\Connection->getPdoForSelect(true)
#9 D:\Repositorys\lansweeperchocolateypatchdashboard\api-wsusinfo\web\vendor\illuminate\database\Connection.php(664): Illuminate\Database\Connection->Illuminate\Database\{closure}('select * from `...', Array)
#10 D:\Repositorys\lansweeperchocolateypatchdashboard\api-wsusinfo\web\vendor\illuminate\database\Connection.php(631): Illuminate\Database\Connection->runQueryCallback('select * from `...', Array, Object(Closure))
#11 D:\Repositorys\lansweeperchocolateypatchdashboard\api-wsusinfo\web\vendor\illuminate\database\Connection.php(339): Illuminate\Database\Connection->run('select * from `...', Array, Object(Closure))
#12 D:\Repositorys\lansweeperchocolateypatchdashboard\api-wsusinfo\web\vendor\illuminate\database\Query\Builder.php(2178): Illuminate\Database\Connection->select('select * from `...', Array, true)
#13 D:\Repositorys\lansweeperchocolateypatchdashboard\api-wsusinfo\web\vendor\illuminate\database\Query\Builder.php(2166): Illuminate\Database\Query\Builder->runSelect()
#14 D:\Repositorys\lansweeperchocolateypatchdashboard\api-wsusinfo\web\vendor\illuminate\database\Query\Builder.php(2657): Illuminate\Database\Query\Builder->Illuminate\Database\Query\{closure}()
#15 D:\Repositorys\lansweeperchocolateypatchdashboard\api-wsusinfo\web\vendor\illuminate\database\Query\Builder.php(2167): Illuminate\Database\Query\Builder->onceWithColumns(Array, Object(Closure))
#16 D:\Repositorys\lansweeperchocolateypatchdashboard\api-wsusinfo\web\vendor\illuminate\database\Eloquent\Builder.php(539): Illuminate\Database\Query\Builder->get(Array)
#17 D:\Repositorys\lansweeperchocolateypatchdashboard\api-wsusinfo\web\vendor\illuminate\database\Eloquent\Builder.php(523): Illuminate\Database\Eloquent\Builder->getModels(Array)
#18 D:\Repositorys\lansweeperchocolateypatchdashboard\api-wsusinfo\web\vendor\illuminate\database\Eloquent\Model.php(488): Illuminate\Database\Eloquent\Builder->get(Array)
#19 D:\Repositorys\lansweeperchocolateypatchdashboard\api-wsusinfo\web\app\Http\Controllers\Controller.php(16): Illuminate\Database\Eloquent\Model::all()
#20 [internal function]: App\Http\Controllers\Controller->index()
#21 D:\Repositorys\lansweeperchocolateypatchdashboard\api-wsusinfo\web\vendor\illuminate\container\BoundMethod.php(33): call_user_func_array(Array, Array)
#22 D:\Repositorys\lansweeperchocolateypatchdashboard\api-wsusinfo\web\vendor\illuminate\container\Util.php(36): Illuminate\Container\BoundMethod::Illuminate\Container\{closure}()
#23 D:\Repositorys\lansweeperchocolateypatchdashboard\api-wsusinfo\web\vendor\illuminate\container\BoundMethod.php(91): Illuminate\Container\Util::unwrapIfClosure(Object(Closure))
#24 D:\Repositorys\lansweeperchocolateypatchdashboard\api-wsusinfo\web\vendor\illuminate\container\BoundMethod.php(35): Illuminate\Container\BoundMethod::callBoundMethod(Object(Laravel\Lumen\Application), Array, Object(Closure))
#25 D:\Repositorys\lansweeperchocolateypatchdashboard\api-wsusinfo\web\vendor\illuminate\container\Container.php(592): Illuminate\Container\BoundMethod::call(Object(Laravel\Lumen\Application), Array, Array, NULL)
#26 D:\Repositorys\lansweeperchocolateypatchdashboard\api-wsusinfo\web\vendor\laravel\lumen-framework\src\Concerns\RoutesRequests.php(376): Illuminate\Container\Container->call(Array, Array)
#27 D:\Repositorys\lansweeperchocolateypatchdashboard\api-wsusinfo\web\vendor\laravel\lumen-framework\src\Concerns\RoutesRequests.php(342): Laravel\Lumen\Application->callControllerCallable(Array, Array)
#28 D:\Repositorys\lansweeperchocolateypatchdashboard\api-wsusinfo\web\vendor\laravel\lumen-framework\src\Concerns\RoutesRequests.php(316): Laravel\Lumen\Application->callLumenController(Object(App\Http\Controllers\Controller), 'index', Array)
#29 D:\Repositorys\lansweeperchocolateypatchdashboard\api-wsusinfo\web\vendor\laravel\lumen-framework\src\Concerns\RoutesRequests.php(278): Laravel\Lumen\Application->callControllerAction(Array)
#30 D:\Repositorys\lansweeperchocolateypatchdashboard\api-wsusinfo\web\vendor\laravel\lumen-framework\src\Concerns\RoutesRequests.php(263): Laravel\Lumen\Application->callActionOnArrayBasedRoute(Array)
#31 D:\Repositorys\lansweeperchocolateypatchdashboard\api-wsusinfo\web\vendor\laravel\lumen-framework\src\Concerns\RoutesRequests.php(165): Laravel\Lumen\Application->handleFoundRoute(Array)
#32 [internal function]: Laravel\Lumen\Application->Laravel\Lumen\Concerns\{closure}(Object(Laravel\Lumen\Http\Request))
#33 D:\Repositorys\lansweeperchocolateypatchdashboard\api-wsusinfo\web\vendor\laravel\lumen-framework\src\Routing\Pipeline.php(48): call_user_func(Object(Closure), Object(Laravel\Lumen\Http\Request))
#34 D:\Repositorys\lansweeperchocolateypatchdashboard\api-wsusinfo\web\app\Http\Middleware\CORS.php(25): Laravel\Lumen\Routing\Pipeline->Laravel\Lumen\Routing\{closure}(Object(Laravel\Lumen\Http\Request))
#35 D:\Repositorys\lansweeperchocolateypatchdashboard\api-wsusinfo\web\vendor\illuminate\pipeline\Pipeline.php(167): App\Http\Middleware\CORS->handle(Object(Laravel\Lumen\Http\Request), Object(Closure))
#36 [internal function]: Illuminate\Pipeline\Pipeline->Illuminate\Pipeline\{closure}(Object(Laravel\Lumen\Http\Request))
#37 D:\Repositorys\lansweeperchocolateypatchdashboard\api-wsusinfo\web\vendor\laravel\lumen-framework\src\Routing\Pipeline.php(30): call_user_func(Object(Closure), Object(Laravel\Lumen\Http\Request))
#38 D:\Repositorys\lansweeperchocolateypatchdashboard\api-wsusinfo\web\vendor\illuminate\pipeline\Pipeline.php(103): Laravel\Lumen\Routing\Pipeline->Laravel\Lumen\Routing\{closure}(Object(Laravel\Lumen\Http\Request))
#39 D:\Repositorys\lansweeperchocolateypatchdashboard\api-wsusinfo\web\vendor\laravel\lumen-framework\src\Concerns\RoutesRequests.php(413): Illuminate\Pipeline\Pipeline->then(Object(Closure))
#40 D:\Repositorys\lansweeperchocolateypatchdashboard\api-wsusinfo\web\vendor\laravel\lumen-framework\src\Concerns\RoutesRequests.php(171): Laravel\Lumen\Application->sendThroughPipeline(Array, Object(Closure))
#41 D:\Repositorys\lansweeperchocolateypatchdashboard\api-wsusinfo\web\vendor\laravel\lumen-framework\src\Concerns\RoutesRequests.php(108): Laravel\Lumen\Application->dispatch(NULL)
#42 D:\Repositorys\lansweeperchocolateypatchdashboard\api-wsusinfo\web\public\index.php(28): Laravel\Lumen\Application->run()
#43 {main}

Next PDOException: SQLSTATE[HY000] [2002] php_network_getaddresses: getaddrinfo failed: Der angegebene Host ist unbekannt.  in D:\Repositorys\lansweeperchocolateypatchdashboard\api-wsusinfo\web\vendor\illuminate\database\Connectors\Connector.php:70
Stack trace:
#0 D:\Repositorys\lansweeperchocolateypatchdashboard\api-wsusinfo\web\vendor\illuminate\database\Connectors\Connector.php(70): PDO->__construct('mysql:host=db-p...', 'db_wsusinfo', 'db_wsusinfo28ra...', Array)
#1 D:\Repositorys\lansweeperchocolateypatchdashboard\api-wsusinfo\web\vendor\illuminate\database\Connectors\Connector.php(46): Illuminate\Database\Connectors\Connector->createPdoConnection('mysql:host=db-p...', 'db_wsusinfo', 'db_wsusinfo28ra...', Array)
#2 D:\Repositorys\lansweeperchocolateypatchdashboard\api-wsusinfo\web\vendor\illuminate\database\Connectors\MySqlConnector.php(24): Illuminate\Database\Connectors\Connector->createConnection('mysql:host=db-p...', Array, Array)
#3 D:\Repositorys\lansweeperchocolateypatchdashboard\api-wsusinfo\web\vendor\illuminate\database\Connectors\ConnectionFactory.php(182): Illuminate\Database\Connectors\MySqlConnector->connect(Array)
#4 [internal function]: Illuminate\Database\Connectors\ConnectionFactory->Illuminate\Database\Connectors\{closure}()
#5 D:\Repositorys\lansweeperchocolateypatchdashboard\api-wsusinfo\web\vendor\illuminate\database\Connection.php(926): call_user_func(Object(Closure))
#6 D:\Repositorys\lansweeperchocolateypatchdashboard\api-wsusinfo\web\vendor\illuminate\database\Connection.php(961): Illuminate\Database\Connection->getPdo()
#7 D:\Repositorys\lansweeperchocolateypatchdashboard\api-wsusinfo\web\vendor\illuminate\database\Connection.php(405): Illuminate\Database\Connection->getReadPdo()
#8 D:\Repositorys\lansweeperchocolateypatchdashboard\api-wsusinfo\web\vendor\illuminate\database\Connection.php(331): Illuminate\Database\Connection->getPdoForSelect(true)
#9 D:\Repositorys\lansweeperchocolateypatchdashboard\api-wsusinfo\web\vendor\illuminate\database\Connection.php(664): Illuminate\Database\Connection->Illuminate\Database\{closure}('select * from `...', Array)
#10 D:\Repositorys\lansweeperchocolateypatchdashboard\api-wsusinfo\web\vendor\illuminate\database\Connection.php(631): Illuminate\Database\Connection->runQueryCallback('select * from `...', Array, Object(Closure))
#11 D:\Repositorys\lansweeperchocolateypatchdashboard\api-wsusinfo\web\vendor\illuminate\database\Connection.php(339): Illuminate\Database\Connection->run('select * from `...', Array, Object(Closure))
#12 D:\Repositorys\lansweeperchocolateypatchdashboard\api-wsusinfo\web\vendor\illuminate\database\Query\Builder.php(2178): Illuminate\Database\Connection->select('select * from `...', Array, true)
#13 D:\Repositorys\lansweeperchocolateypatchdashboard\api-wsusinfo\web\vendor\illuminate\database\Query\Builder.php(2166): Illuminate\Database\Query\Builder->runSelect()
#14 D:\Repositorys\lansweeperchocolateypatchdashboard\api-wsusinfo\web\vendor\illuminate\database\Query\Builder.php(2657): Illuminate\Database\Query\Builder->Illuminate\Database\Query\{closure}()
#15 D:\Repositorys\lansweeperchocolateypatchdashboard\api-wsusinfo\web\vendor\illuminate\database\Query\Builder.php(2167): Illuminate\Database\Query\Builder->onceWithColumns(Array, Object(Closure))
#16 D:\Repositorys\lansweeperchocolateypatchdashboard\api-wsusinfo\web\vendor\illuminate\database\Eloquent\Builder.php(539): Illuminate\Database\Query\Builder->get(Array)
#17 D:\Repositorys\lansweeperchocolateypatchdashboard\api-wsusinfo\web\vendor\illuminate\database\Eloquent\Builder.php(523): Illuminate\Database\Eloquent\Builder->getModels(Array)
#18 D:\Repositorys\lansweeperchocolateypatchdashboard\api-wsusinfo\web\vendor\illuminate\database\Eloquent\Model.php(488): Illuminate\Database\Eloquent\Builder->get(Array)
#19 D:\Repositorys\lansweeperchocolateypatchdashboard\api-wsusinfo\web\app\Http\Controllers\Controller.php(16): Illuminate\Database\Eloquent\Model::all()
#20 [internal function]: App\Http\Controllers\Controller->index()
#21 D:\Repositorys\lansweeperchocolateypatchdashboard\api-wsusinfo\web\vendor\illuminate\container\BoundMethod.php(33): call_user_func_array(Array, Array)
#22 D:\Repositorys\lansweeperchocolateypatchdashboard\api-wsusinfo\web\vendor\illuminate\container\Util.php(36): Illuminate\Container\BoundMethod::Illuminate\Container\{closure}()
#23 D:\Repositorys\lansweeperchocolateypatchdashboard\api-wsusinfo\web\vendor\illuminate\container\BoundMethod.php(91): Illuminate\Container\Util::unwrapIfClosure(Object(Closure))
#24 D:\Repositorys\lansweeperchocolateypatchdashboard\api-wsusinfo\web\vendor\illuminate\container\BoundMethod.php(35): Illuminate\Container\BoundMethod::callBoundMethod(Object(Laravel\Lumen\Application), Array, Object(Closure))
#25 D:\Repositorys\lansweeperchocolateypatchdashboard\api-wsusinfo\web\vendor\illuminate\container\Container.php(592): Illuminate\Container\BoundMethod::call(Object(Laravel\Lumen\Application), Array, Array, NULL)
#26 D:\Repositorys\lansweeperchocolateypatchdashboard\api-wsusinfo\web\vendor\laravel\lumen-framework\src\Concerns\RoutesRequests.php(376): Illuminate\Container\Container->call(Array, Array)
#27 D:\Repositorys\lansweeperchocolateypatchdashboard\api-wsusinfo\web\vendor\laravel\lumen-framework\src\Concerns\RoutesRequests.php(342): Laravel\Lumen\Application->callControllerCallable(Array, Array)
#28 D:\Repositorys\lansweeperchocolateypatchdashboard\api-wsusinfo\web\vendor\laravel\lumen-framework\src\Concerns\RoutesRequests.php(316): Laravel\Lumen\Application->callLumenController(Object(App\Http\Controllers\Controller), 'index', Array)
#29 D:\Repositorys\lansweeperchocolateypatchdashboard\api-wsusinfo\web\vendor\laravel\lumen-framework\src\Concerns\RoutesRequests.php(278): Laravel\Lumen\Application->callControllerAction(Array)
#30 D:\Repositorys\lansweeperchocolateypatchdashboard\api-wsusinfo\web\vendor\laravel\lumen-framework\src\Concerns\RoutesRequests.php(263): Laravel\Lumen\Application->callActionOnArrayBasedRoute(Array)
#31 D:\Repositorys\lansweeperchocolateypatchdashboard\api-wsusinfo\web\vendor\laravel\lumen-framework\src\Concerns\RoutesRequests.php(165): Laravel\Lumen\Application->handleFoundRoute(Array)
#32 [internal function]: Laravel\Lumen\Application->Laravel\Lumen\Concerns\{closure}(Object(Laravel\Lumen\Http\Request))
#33 D:\Repositorys\lansweeperchocolateypatchdashboard\api-wsusinfo\web\vendor\laravel\lumen-framework\src\Routing\Pipeline.php(48): call_user_func(Object(Closure), Object(Laravel\Lumen\Http\Request))
#34 D:\Repositorys\lansweeperchocolateypatchdashboard\api-wsusinfo\web\app\Http\Middleware\CORS.php(25): Laravel\Lumen\Routing\Pipeline->Laravel\Lumen\Routing\{closure}(Object(Laravel\Lumen\Http\Request))
#35 D:\Repositorys\lansweeperchocolateypatchdashboard\api-wsusinfo\web\vendor\illuminate\pipeline\Pipeline.php(167): App\Http\Middleware\CORS->handle(Object(Laravel\Lumen\Http\Request), Object(Closure))
#36 [internal function]: Illuminate\Pipeline\Pipeline->Illuminate\Pipeline\{closure}(Object(Laravel\Lumen\Http\Request))
#37 D:\Repositorys\lansweeperchocolateypatchdashboard\api-wsusinfo\web\vendor\laravel\lumen-framework\src\Routing\Pipeline.php(30): call_user_func(Object(Closure), Object(Laravel\Lumen\Http\Request))
#38 D:\Repositorys\lansweeperchocolateypatchdashboard\api-wsusinfo\web\vendor\illuminate\pipeline\Pipeline.php(103): Laravel\Lumen\Routing\Pipeline->Laravel\Lumen\Routing\{closure}(Object(Laravel\Lumen\Http\Request))
#39 D:\Repositorys\lansweeperchocolateypatchdashboard\api-wsusinfo\web\vendor\laravel\lumen-framework\src\Concerns\RoutesRequests.php(413): Illuminate\Pipeline\Pipeline->then(Object(Closure))
#40 D:\Repositorys\lansweeperchocolateypatchdashboard\api-wsusinfo\web\vendor\laravel\lumen-framework\src\Concerns\RoutesRequests.php(171): Laravel\Lumen\Application->sendThroughPipeline(Array, Object(Closure))
#41 D:\Repositorys\lansweeperchocolateypatchdashboard\api-wsusinfo\web\vendor\laravel\lumen-framework\src\Concerns\RoutesRequests.php(108): Laravel\Lumen\Application->dispatch(NULL)
#42 D:\Repositorys\lansweeperchocolateypatchdashboard\api-wsusinfo\web\public\index.php(28): Laravel\Lumen\Application->run()
#43 {main}

Next Illuminate\Database\QueryException: SQLSTATE[HY000] [2002] php_network_getaddresses: getaddrinfo failed: Der angegebene Host ist unbekannt.  (SQL: select * from `wsusentries`) in D:\Repositorys\lansweeperchocolateypatchdashboard\api-wsusinfo\web\vendor\illuminate\database\Connection.php:671
Stack trace:
#0 D:\Repositorys\lansweeperchocolateypatchdashboard\api-wsusinfo\web\vendor\illuminate\database\Connection.php(631): Illuminate\Database\Connection->runQueryCallback('select * from `...', Array, Object(Closure))
#1 D:\Repositorys\lansweeperchocolateypatchdashboard\api-wsusinfo\web\vendor\illuminate\database\Connection.php(339): Illuminate\Database\Connection->run('select * from `...', Array, Object(Closure))
#2 D:\Repositorys\lansweeperchocolateypatchdashboard\api-wsusinfo\web\vendor\illuminate\database\Query\Builder.php(2178): Illuminate\Database\Connection->select('select * from `...', Array, true)
#3 D:\Repositorys\lansweeperchocolateypatchdashboard\api-wsusinfo\web\vendor\illuminate\database\Query\Builder.php(2166): Illuminate\Database\Query\Builder->runSelect()
#4 D:\Repositorys\lansweeperchocolateypatchdashboard\api-wsusinfo\web\vendor\illuminate\database\Query\Builder.php(2657): Illuminate\Database\Query\Builder->Illuminate\Database\Query\{closure}()
#5 D:\Repositorys\lansweeperchocolateypatchdashboard\api-wsusinfo\web\vendor\illuminate\database\Query\Builder.php(2167): Illuminate\Database\Query\Builder->onceWithColumns(Array, Object(Closure))
#6 D:\Repositorys\lansweeperchocolateypatchdashboard\api-wsusinfo\web\vendor\illuminate\database\Eloquent\Builder.php(539): Illuminate\Database\Query\Builder->get(Array)
#7 D:\Repositorys\lansweeperchocolateypatchdashboard\api-wsusinfo\web\vendor\illuminate\database\Eloquent\Builder.php(523): Illuminate\Database\Eloquent\Builder->getModels(Array)
#8 D:\Repositorys\lansweeperchocolateypatchdashboard\api-wsusinfo\web\vendor\illuminate\database\Eloquent\Model.php(488): Illuminate\Database\Eloquent\Builder->get(Array)
#9 D:\Repositorys\lansweeperchocolateypatchdashboard\api-wsusinfo\web\app\Http\Controllers\Controller.php(16): Illuminate\Database\Eloquent\Model::all()
#10 [internal function]: App\Http\Controllers\Controller->index()
#11 D:\Repositorys\lansweeperchocolateypatchdashboard\api-wsusinfo\web\vendor\illuminate\container\BoundMethod.php(33): call_user_func_array(Array, Array)
#12 D:\Repositorys\lansweeperchocolateypatchdashboard\api-wsusinfo\web\vendor\illuminate\container\Util.php(36): Illuminate\Container\BoundMethod::Illuminate\Container\{closure}()
#13 D:\Repositorys\lansweeperchocolateypatchdashboard\api-wsusinfo\web\vendor\illuminate\container\BoundMethod.php(91): Illuminate\Container\Util::unwrapIfClosure(Object(Closure))
#14 D:\Repositorys\lansweeperchocolateypatchdashboard\api-wsusinfo\web\vendor\illuminate\container\BoundMethod.php(35): Illuminate\Container\BoundMethod::callBoundMethod(Object(Laravel\Lumen\Application), Array, Object(Closure))
#15 D:\Repositorys\lansweeperchocolateypatchdashboard\api-wsusinfo\web\vendor\illuminate\container\Container.php(592): Illuminate\Container\BoundMethod::call(Object(Laravel\Lumen\Application), Array, Array, NULL)
#16 D:\Repositorys\lansweeperchocolateypatchdashboard\api-wsusinfo\web\vendor\laravel\lumen-framework\src\Concerns\RoutesRequests.php(376): Illuminate\Container\Container->call(Array, Array)
#17 D:\Repositorys\lansweeperchocolateypatchdashboard\api-wsusinfo\web\vendor\laravel\lumen-framework\src\Concerns\RoutesRequests.php(342): Laravel\Lumen\Application->callControllerCallable(Array, Array)
#18 D:\Repositorys\lansweeperchocolateypatchdashboard\api-wsusinfo\web\vendor\laravel\lumen-framework\src\Concerns\RoutesRequests.php(316): Laravel\Lumen\Application->callLumenController(Object(App\Http\Controllers\Controller), 'index', Array)
#19 D:\Repositorys\lansweeperchocolateypatchdashboard\api-wsusinfo\web\vendor\laravel\lumen-framework\src\Concerns\RoutesRequests.php(278): Laravel\Lumen\Application->callControllerAction(Array)
#20 D:\Repositorys\lansweeperchocolateypatchdashboard\api-wsusinfo\web\vendor\laravel\lumen-framework\src\Concerns\RoutesRequests.php(263): Laravel\Lumen\Application->callActionOnArrayBasedRoute(Array)
#21 D:\Repositorys\lansweeperchocolateypatchdashboard\api-wsusinfo\web\vendor\laravel\lumen-framework\src\Concerns\RoutesRequests.php(165): Laravel\Lumen\Application->handleFoundRoute(Array)
#22 [internal function]: Laravel\Lumen\Application->Laravel\Lumen\Concerns\{closure}(Object(Laravel\Lumen\Http\Request))
#23 D:\Repositorys\lansweeperchocolateypatchdashboard\api-wsusinfo\web\vendor\laravel\lumen-framework\src\Routing\Pipeline.php(48): call_user_func(Object(Closure), Object(Laravel\Lumen\Http\Request))
#24 D:\Repositorys\lansweeperchocolateypatchdashboard\api-wsusinfo\web\app\Http\Middleware\CORS.php(25): Laravel\Lumen\Routing\Pipeline->Laravel\Lumen\Routing\{closure}(Object(Laravel\Lumen\Http\Request))
#25 D:\Repositorys\lansweeperchocolateypatchdashboard\api-wsusinfo\web\vendor\illuminate\pipeline\Pipeline.php(167): App\Http\Middleware\CORS->handle(Object(Laravel\Lumen\Http\Request), Object(Closure))
#26 [internal function]: Illuminate\Pipeline\Pipeline->Illuminate\Pipeline\{closure}(Object(Laravel\Lumen\Http\Request))
#27 D:\Repositorys\lansweeperchocolateypatchdashboard\api-wsusinfo\web\vendor\laravel\lumen-framework\src\Routing\Pipeline.php(30): call_user_func(Object(Closure), Object(Laravel\Lumen\Http\Request))
#28 D:\Repositorys\lansweeperchocolateypatchdashboard\api-wsusinfo\web\vendor\illuminate\pipeline\Pipeline.php(103): Laravel\Lumen\Routing\Pipeline->Laravel\Lumen\Routing\{closure}(Object(Laravel\Lumen\Http\Request))
#29 D:\Repositorys\lansweeperchocolateypatchdashboard\api-wsusinfo\web\vendor\laravel\lumen-framework\src\Concerns\RoutesRequests.php(413): Illuminate\Pipeline\Pipeline->then(Object(Closure))
#30 D:\Repositorys\lansweeperchocolateypatchdashboard\api-wsusinfo\web\vendor\laravel\lumen-framework\src\Concerns\RoutesRequests.php(171): Laravel\Lumen\Application->sendThroughPipeline(Array, Object(Closure))
#31 D:\Repositorys\lansweeperchocolateypatchdashboard\api-wsusinfo\web\vendor\laravel\lumen-framework\src\Concerns\RoutesRequests.php(108): Laravel\Lumen\Application->dispatch(NULL)
#32 D:\Repositorys\lansweeperchocolateypatchdashboard\api-wsusinfo\web\public\index.php(28): Laravel\Lumen\Application->run()
#33 {main} {"exception":"[object] (Illuminate\\Database\\QueryException(code: 2002): SQLSTATE[HY000] [2002] php_network_getaddresses: getaddrinfo failed: Der angegebene Host ist unbekannt.  (SQL: select * from `wsusentries`) at D:\\Repositorys\\lansweeperchocolateypatchdashboard\\api-wsusinfo\\web\\vendor\\illuminate\\database\\Connection.php:671)
[stacktrace]
#0 D:\\Repositorys\\lansweeperchocolateypatchdashboard\\api-wsusinfo\\web\\vendor\\illuminate\\database\\Connection.php(631): Illuminate\\Database\\Connection->runQueryCallback('select * from `...', Array, Object(Closure))
#1 D:\\Repositorys\\lansweeperchocolateypatchdashboard\\api-wsusinfo\\web\\vendor\\illuminate\\database\\Connection.php(339): Illuminate\\Database\\Connection->run('select * from `...', Array, Object(Closure))
#2 D:\\Repositorys\\lansweeperchocolateypatchdashboard\\api-wsusinfo\\web\\vendor\\illuminate\\database\\Query\\Builder.php(2178): Illuminate\\Database\\Connection->select('select * from `...', Array, true)
#3 D:\\Repositorys\\lansweeperchocolateypatchdashboard\\api-wsusinfo\\web\\vendor\\illuminate\\database\\Query\\Builder.php(2166): Illuminate\\Database\\Query\\Builder->runSelect()
#4 D:\\Repositorys\\lansweeperchocolateypatchdashboard\\api-wsusinfo\\web\\vendor\\illuminate\\database\\Query\\Builder.php(2657): Illuminate\\Database\\Query\\Builder->Illuminate\\Database\\Query\\{closure}()
#5 D:\\Repositorys\\lansweeperchocolateypatchdashboard\\api-wsusinfo\\web\\vendor\\illuminate\\database\\Query\\Builder.php(2167): Illuminate\\Database\\Query\\Builder->onceWithColumns(Array, Object(Closure))
#6 D:\\Repositorys\\lansweeperchocolateypatchdashboard\\api-wsusinfo\\web\\vendor\\illuminate\\database\\Eloquent\\Builder.php(539): Illuminate\\Database\\Query\\Builder->get(Array)
#7 D:\\Repositorys\\lansweeperchocolateypatchdashboard\\api-wsusinfo\\web\\vendor\\illuminate\\database\\Eloquent\\Builder.php(523): Illuminate\\Database\\Eloquent\\Builder->getModels(Array)
#8 D:\\Repositorys\\lansweeperchocolateypatchdashboard\\api-wsusinfo\\web\\vendor\\illuminate\\database\\Eloquent\\Model.php(488): Illuminate\\Database\\Eloquent\\Builder->get(Array)
#9 D:\\Repositorys\\lansweeperchocolateypatchdashboard\\api-wsusinfo\\web\\app\\Http\\Controllers\\Controller.php(16): Illuminate\\Database\\Eloquent\\Model::all()
#10 [internal function]: App\\Http\\Controllers\\Controller->index()
#11 D:\\Repositorys\\lansweeperchocolateypatchdashboard\\api-wsusinfo\\web\\vendor\\illuminate\\container\\BoundMethod.php(33): call_user_func_array(Array, Array)
#12 D:\\Repositorys\\lansweeperchocolateypatchdashboard\\api-wsusinfo\\web\\vendor\\illuminate\\container\\Util.php(36): Illuminate\\Container\\BoundMethod::Illuminate\\Container\\{closure}()
#13 D:\\Repositorys\\lansweeperchocolateypatchdashboard\\api-wsusinfo\\web\\vendor\\illuminate\\container\\BoundMethod.php(91): Illuminate\\Container\\Util::unwrapIfClosure(Object(Closure))
#14 D:\\Repositorys\\lansweeperchocolateypatchdashboard\\api-wsusinfo\\web\\vendor\\illuminate\\container\\BoundMethod.php(35): Illuminate\\Container\\BoundMethod::callBoundMethod(Object(Laravel\\Lumen\\Application), Array, Object(Closure))
#15 D:\\Repositorys\\lansweeperchocolateypatchdashboard\\api-wsusinfo\\web\\vendor\\illuminate\\container\\Container.php(592): Illuminate\\Container\\BoundMethod::call(Object(Laravel\\Lumen\\Application), Array, Array, NULL)
#16 D:\\Repositorys\\lansweeperchocolateypatchdashboard\\api-wsusinfo\\web\\vendor\\laravel\\lumen-framework\\src\\Concerns\\RoutesRequests.php(376): Illuminate\\Container\\Container->call(Array, Array)
#17 D:\\Repositorys\\lansweeperchocolateypatchdashboard\\api-wsusinfo\\web\\vendor\\laravel\\lumen-framework\\src\\Concerns\\RoutesRequests.php(342): Laravel\\Lumen\\Application->callControllerCallable(Array, Array)
#18 D:\\Repositorys\\lansweeperchocolateypatchdashboard\\api-wsusinfo\\web\\vendor\\laravel\\lumen-framework\\src\\Concerns\\RoutesRequests.php(316): Laravel\\Lumen\\Application->callLumenController(Object(App\\Http\\Controllers\\Controller), 'index', Array)
#19 D:\\Repositorys\\lansweeperchocolateypatchdashboard\\api-wsusinfo\\web\\vendor\\laravel\\lumen-framework\\src\\Concerns\\RoutesRequests.php(278): Laravel\\Lumen\\Application->callControllerAction(Array)
#20 D:\\Repositorys\\lansweeperchocolateypatchdashboard\\api-wsusinfo\\web\\vendor\\laravel\\lumen-framework\\src\\Concerns\\RoutesRequests.php(263): Laravel\\Lumen\\Application->callActionOnArrayBasedRoute(Array)
#21 D:\\Repositorys\\lansweeperchocolateypatchdashboard\\api-wsusinfo\\web\\vendor\\laravel\\lumen-framework\\src\\Concerns\\RoutesRequests.php(165): Laravel\\Lumen\\Application->handleFoundRoute(Array)
#22 [internal function]: Laravel\\Lumen\\Application->Laravel\\Lumen\\Concerns\\{closure}(Object(Laravel\\Lumen\\Http\\Request))
#23 D:\\Repositorys\\lansweeperchocolateypatchdashboard\\api-wsusinfo\\web\\vendor\\laravel\\lumen-framework\\src\\Routing\\Pipeline.php(48): call_user_func(Object(Closure), Object(Laravel\\Lumen\\Http\\Request))
#24 D:\\Repositorys\\lansweeperchocolateypatchdashboard\\api-wsusinfo\\web\\app\\Http\\Middleware\\CORS.php(25): Laravel\\Lumen\\Routing\\Pipeline->Laravel\\Lumen\\Routing\\{closure}(Object(Laravel\\Lumen\\Http\\Request))
#25 D:\\Repositorys\\lansweeperchocolateypatchdashboard\\api-wsusinfo\\web\\vendor\\illuminate\\pipeline\\Pipeline.php(167): App\\Http\\Middleware\\CORS->handle(Object(Laravel\\Lumen\\Http\\Request), Object(Closure))
#26 [internal function]: Illuminate\\Pipeline\\Pipeline->Illuminate\\Pipeline\\{closure}(Object(Laravel\\Lumen\\Http\\Request))
#27 D:\\Repositorys\\lansweeperchocolateypatchdashboard\\api-wsusinfo\\web\\vendor\\laravel\\lumen-framework\\src\\Routing\\Pipeline.php(30): call_user_func(Object(Closure), Object(Laravel\\Lumen\\Http\\Request))
#28 D:\\Repositorys\\lansweeperchocolateypatchdashboard\\api-wsusinfo\\web\\vendor\\illuminate\\pipeline\\Pipeline.php(103): Laravel\\Lumen\\Routing\\Pipeline->Laravel\\Lumen\\Routing\\{closure}(Object(Laravel\\Lumen\\Http\\Request))
#29 D:\\Repositorys\\lansweeperchocolateypatchdashboard\\api-wsusinfo\\web\\vendor\\laravel\\lumen-framework\\src\\Concerns\\RoutesRequests.php(413): Illuminate\\Pipeline\\Pipeline->then(Object(Closure))
#30 D:\\Repositorys\\lansweeperchocolateypatchdashboard\\api-wsusinfo\\web\\vendor\\laravel\\lumen-framework\\src\\Concerns\\RoutesRequests.php(171): Laravel\\Lumen\\Application->sendThroughPipeline(Array, Object(Closure))
#31 D:\\Repositorys\\lansweeperchocolateypatchdashboard\\api-wsusinfo\\web\\vendor\\laravel\\lumen-framework\\src\\Concerns\\RoutesRequests.php(108): Laravel\\Lumen\\Application->dispatch(NULL)
#32 D:\\Repositorys\\lansweeperchocolateypatchdashboard\\api-wsusinfo\\web\\public\\index.php(28): Laravel\\Lumen\\Application->run()
#33 {main}

[previous exception] [object] (PDOException(code: 2002): SQLSTATE[HY000] [2002] php_network_getaddresses: getaddrinfo failed: Der angegebene Host ist unbekannt.  at D:\\Repositorys\\lansweeperchocolateypatchdashboard\\api-wsusinfo\\web\\vendor\\illuminate\\database\\Connectors\\Connector.php:70)
[stacktrace]
#0 D:\\Repositorys\\lansweeperchocolateypatchdashboard\\api-wsusinfo\\web\\vendor\\illuminate\\database\\Connectors\\Connector.php(70): PDO->__construct('mysql:host=db-p...', 'db_wsusinfo', 'db_wsusinfo28ra...', Array)
#1 D:\\Repositorys\\lansweeperchocolateypatchdashboard\\api-wsusinfo\\web\\vendor\\illuminate\\database\\Connectors\\Connector.php(46): Illuminate\\Database\\Connectors\\Connector->createPdoConnection('mysql:host=db-p...', 'db_wsusinfo', 'db_wsusinfo28ra...', Array)
#2 D:\\Repositorys\\lansweeperchocolateypatchdashboard\\api-wsusinfo\\web\\vendor\\illuminate\\database\\Connectors\\MySqlConnector.php(24): Illuminate\\Database\\Connectors\\Connector->createConnection('mysql:host=db-p...', Array, Array)
#3 D:\\Repositorys\\lansweeperchocolateypatchdashboard\\api-wsusinfo\\web\\vendor\\illuminate\\database\\Connectors\\ConnectionFactory.php(182): Illuminate\\Database\\Connectors\\MySqlConnector->connect(Array)
#4 [internal function]: Illuminate\\Database\\Connectors\\ConnectionFactory->Illuminate\\Database\\Connectors\\{closure}()
#5 D:\\Repositorys\\lansweeperchocolateypatchdashboard\\api-wsusinfo\\web\\vendor\\illuminate\\database\\Connection.php(926): call_user_func(Object(Closure))
#6 D:\\Repositorys\\lansweeperchocolateypatchdashboard\\api-wsusinfo\\web\\vendor\\illuminate\\database\\Connection.php(961): Illuminate\\Database\\Connection->getPdo()
#7 D:\\Repositorys\\lansweeperchocolateypatchdashboard\\api-wsusinfo\\web\\vendor\\illuminate\\database\\Connection.php(405): Illuminate\\Database\\Connection->getReadPdo()
#8 D:\\Repositorys\\lansweeperchocolateypatchdashboard\\api-wsusinfo\\web\\vendor\\illuminate\\database\\Connection.php(331): Illuminate\\Database\\Connection->getPdoForSelect(true)
#9 D:\\Repositorys\\lansweeperchocolateypatchdashboard\\api-wsusinfo\\web\\vendor\\illuminate\\database\\Connection.php(664): Illuminate\\Database\\Connection->Illuminate\\Database\\{closure}('select * from `...', Array)
#10 D:\\Repositorys\\lansweeperchocolateypatchdashboard\\api-wsusinfo\\web\\vendor\\illuminate\\database\\Connection.php(631): Illuminate\\Database\\Connection->runQueryCallback('select * from `...', Array, Object(Closure))
#11 D:\\Repositorys\\lansweeperchocolateypatchdashboard\\api-wsusinfo\\web\\vendor\\illuminate\\database\\Connection.php(339): Illuminate\\Database\\Connection->run('select * from `...', Array, Object(Closure))
#12 D:\\Repositorys\\lansweeperchocolateypatchdashboard\\api-wsusinfo\\web\\vendor\\illuminate\\database\\Query\\Builder.php(2178): Illuminate\\Database\\Connection->select('select * from `...', Array, true)
#13 D:\\Repositorys\\lansweeperchocolateypatchdashboard\\api-wsusinfo\\web\\vendor\\illuminate\\database\\Query\\Builder.php(2166): Illuminate\\Database\\Query\\Builder->runSelect()
#14 D:\\Repositorys\\lansweeperchocolateypatchdashboard\\api-wsusinfo\\web\\vendor\\illuminate\\database\\Query\\Builder.php(2657): Illuminate\\Database\\Query\\Builder->Illuminate\\Database\\Query\\{closure}()
#15 D:\\Repositorys\\lansweeperchocolateypatchdashboard\\api-wsusinfo\\web\\vendor\\illuminate\\database\\Query\\Builder.php(2167): Illuminate\\Database\\Query\\Builder->onceWithColumns(Array, Object(Closure))
#16 D:\\Repositorys\\lansweeperchocolateypatchdashboard\\api-wsusinfo\\web\\vendor\\illuminate\\database\\Eloquent\\Builder.php(539): Illuminate\\Database\\Query\\Builder->get(Array)
#17 D:\\Repositorys\\lansweeperchocolateypatchdashboard\\api-wsusinfo\\web\\vendor\\illuminate\\database\\Eloquent\\Builder.php(523): Illuminate\\Database\\Eloquent\\Builder->getModels(Array)
#18 D:\\Repositorys\\lansweeperchocolateypatchdashboard\\api-wsusinfo\\web\\vendor\\illuminate\\database\\Eloquent\\Model.php(488): Illuminate\\Database\\Eloquent\\Builder->get(Array)
#19 D:\\Repositorys\\lansweeperchocolateypatchdashboard\\api-wsusinfo\\web\\app\\Http\\Controllers\\Controller.php(16): Illuminate\\Database\\Eloquent\\Model::all()
#20 [internal function]: App\\Http\\Controllers\\Controller->index()
#21 D:\\Repositorys\\lansweeperchocolateypatchdashboard\\api-wsusinfo\\web\\vendor\\illuminate\\container\\BoundMethod.php(33): call_user_func_array(Array, Array)
#22 D:\\Repositorys\\lansweeperchocolateypatchdashboard\\api-wsusinfo\\web\\vendor\\illuminate\\container\\Util.php(36): Illuminate\\Container\\BoundMethod::Illuminate\\Container\\{closure}()
#23 D:\\Repositorys\\lansweeperchocolateypatchdashboard\\api-wsusinfo\\web\\vendor\\illuminate\\container\\BoundMethod.php(91): Illuminate\\Container\\Util::unwrapIfClosure(Object(Closure))
#24 D:\\Repositorys\\lansweeperchocolateypatchdashboard\\api-wsusinfo\\web\\vendor\\illuminate\\container\\BoundMethod.php(35): Illuminate\\Container\\BoundMethod::callBoundMethod(Object(Laravel\\Lumen\\Application), Array, Object(Closure))
#25 D:\\Repositorys\\lansweeperchocolateypatchdashboard\\api-wsusinfo\\web\\vendor\\illuminate\\container\\Container.php(592): Illuminate\\Container\\BoundMethod::call(Object(Laravel\\Lumen\\Application), Array, Array, NULL)
#26 D:\\Repositorys\\lansweeperchocolateypatchdashboard\\api-wsusinfo\\web\\vendor\\laravel\\lumen-framework\\src\\Concerns\\RoutesRequests.php(376): Illuminate\\Container\\Container->call(Array, Array)
#27 D:\\Repositorys\\lansweeperchocolateypatchdashboard\\api-wsusinfo\\web\\vendor\\laravel\\lumen-framework\\src\\Concerns\\RoutesRequests.php(342): Laravel\\Lumen\\Application->callControllerCallable(Array, Array)
#28 D:\\Repositorys\\lansweeperchocolateypatchdashboard\\api-wsusinfo\\web\\vendor\\laravel\\lumen-framework\\src\\Concerns\\RoutesRequests.php(316): Laravel\\Lumen\\Application->callLumenController(Object(App\\Http\\Controllers\\Controller), 'index', Array)
#29 D:\\Repositorys\\lansweeperchocolateypatchdashboard\\api-wsusinfo\\web\\vendor\\laravel\\lumen-framework\\src\\Concerns\\RoutesRequests.php(278): Laravel\\Lumen\\Application->callControllerAction(Array)
#30 D:\\Repositorys\\lansweeperchocolateypatchdashboard\\api-wsusinfo\\web\\vendor\\laravel\\lumen-framework\\src\\Concerns\\RoutesRequests.php(263): Laravel\\Lumen\\Application->callActionOnArrayBasedRoute(Array)
#31 D:\\Repositorys\\lansweeperchocolateypatchdashboard\\api-wsusinfo\\web\\vendor\\laravel\\lumen-framework\\src\\Concerns\\RoutesRequests.php(165): Laravel\\Lumen\\Application->handleFoundRoute(Array)
#32 [internal function]: Laravel\\Lumen\\Application->Laravel\\Lumen\\Concerns\\{closure}(Object(Laravel\\Lumen\\Http\\Request))
#33 D:\\Repositorys\\lansweeperchocolateypatchdashboard\\api-wsusinfo\\web\\vendor\\laravel\\lumen-framework\\src\\Routing\\Pipeline.php(48): call_user_func(Object(Closure), Object(Laravel\\Lumen\\Http\\Request))
#34 D:\\Repositorys\\lansweeperchocolateypatchdashboard\\api-wsusinfo\\web\\app\\Http\\Middleware\\CORS.php(25): Laravel\\Lumen\\Routing\\Pipeline->Laravel\\Lumen\\Routing\\{closure}(Object(Laravel\\Lumen\\Http\\Request))
#35 D:\\Repositorys\\lansweeperchocolateypatchdashboard\\api-wsusinfo\\web\\vendor\\illuminate\\pipeline\\Pipeline.php(167): App\\Http\\Middleware\\CORS->handle(Object(Laravel\\Lumen\\Http\\Request), Object(Closure))
#36 [internal function]: Illuminate\\Pipeline\\Pipeline->Illuminate\\Pipeline\\{closure}(Object(Laravel\\Lumen\\Http\\Request))
#37 D:\\Repositorys\\lansweeperchocolateypatchdashboard\\api-wsusinfo\\web\\vendor\\laravel\\lumen-framework\\src\\Routing\\Pipeline.php(30): call_user_func(Object(Closure), Object(Laravel\\Lumen\\Http\\Request))
#38 D:\\Repositorys\\lansweeperchocolateypatchdashboard\\api-wsusinfo\\web\\vendor\\illuminate\\pipeline\\Pipeline.php(103): Laravel\\Lumen\\Routing\\Pipeline->Laravel\\Lumen\\Routing\\{closure}(Object(Laravel\\Lumen\\Http\\Request))
#39 D:\\Repositorys\\lansweeperchocolateypatchdashboard\\api-wsusinfo\\web\\vendor\\laravel\\lumen-framework\\src\\Concerns\\RoutesRequests.php(413): Illuminate\\Pipeline\\Pipeline->then(Object(Closure))
#40 D:\\Repositorys\\lansweeperchocolateypatchdashboard\\api-wsusinfo\\web\\vendor\\laravel\\lumen-framework\\src\\Concerns\\RoutesRequests.php(171): Laravel\\Lumen\\Application->sendThroughPipeline(Array, Object(Closure))
#41 D:\\Repositorys\\lansweeperchocolateypatchdashboard\\api-wsusinfo\\web\\vendor\\laravel\\lumen-framework\\src\\Concerns\\RoutesRequests.php(108): Laravel\\Lumen\\Application->dispatch(NULL)
#42 D:\\Repositorys\\lansweeperchocolateypatchdashboard\\api-wsusinfo\\web\\public\\index.php(28): Laravel\\Lumen\\Application->run()
#43 {main}

[previous exception] [object] (PDOException(code: 0): PDO::__construct(): php_network_getaddresses: getaddrinfo failed: Der angegebene Host ist unbekannt.  at D:\\Repositorys\\lansweeperchocolateypatchdashboard\\api-wsusinfo\\web\\vendor\\illuminate\\database\\Connectors\\Connector.php:70)
[stacktrace]
#0 D:\\Repositorys\\lansweeperchocolateypatchdashboard\\api-wsusinfo\\web\\vendor\\illuminate\\database\\Connectors\\Connector.php(70): PDO->__construct('mysql:host=db-p...', 'db_wsusinfo', 'db_wsusinfo28ra...', Array)
#1 D:\\Repositorys\\lansweeperchocolateypatchdashboard\\api-wsusinfo\\web\\vendor\\illuminate\\database\\Connectors\\Connector.php(46): Illuminate\\Database\\Connectors\\Connector->createPdoConnection('mysql:host=db-p...', 'db_wsusinfo', 'db_wsusinfo28ra...', Array)
#2 D:\\Repositorys\\lansweeperchocolateypatchdashboard\\api-wsusinfo\\web\\vendor\\illuminate\\database\\Connectors\\MySqlConnector.php(24): Illuminate\\Database\\Connectors\\Connector->createConnection('mysql:host=db-p...', Array, Array)
#3 D:\\Repositorys\\lansweeperchocolateypatchdashboard\\api-wsusinfo\\web\\vendor\\illuminate\\database\\Connectors\\ConnectionFactory.php(182): Illuminate\\Database\\Connectors\\MySqlConnector->connect(Array)
#4 [internal function]: Illuminate\\Database\\Connectors\\ConnectionFactory->Illuminate\\Database\\Connectors\\{closure}()
#5 D:\\Repositorys\\lansweeperchocolateypatchdashboard\\api-wsusinfo\\web\\vendor\\illuminate\\database\\Connection.php(926): call_user_func(Object(Closure))
#6 D:\\Repositorys\\lansweeperchocolateypatchdashboard\\api-wsusinfo\\web\\vendor\\illuminate\\database\\Connection.php(961): Illuminate\\Database\\Connection->getPdo()
#7 D:\\Repositorys\\lansweeperchocolateypatchdashboard\\api-wsusinfo\\web\\vendor\\illuminate\\database\\Connection.php(405): Illuminate\\Database\\Connection->getReadPdo()
#8 D:\\Repositorys\\lansweeperchocolateypatchdashboard\\api-wsusinfo\\web\\vendor\\illuminate\\database\\Connection.php(331): Illuminate\\Database\\Connection->getPdoForSelect(true)
#9 D:\\Repositorys\\lansweeperchocolateypatchdashboard\\api-wsusinfo\\web\\vendor\\illuminate\\database\\Connection.php(664): Illuminate\\Database\\Connection->Illuminate\\Database\\{closure}('select * from `...', Array)
#10 D:\\Repositorys\\lansweeperchocolateypatchdashboard\\api-wsusinfo\\web\\vendor\\illuminate\\database\\Connection.php(631): Illuminate\\Database\\Connection->runQueryCallback('select * from `...', Array, Object(Closure))
#11 D:\\Repositorys\\lansweeperchocolateypatchdashboard\\api-wsusinfo\\web\\vendor\\illuminate\\database\\Connection.php(339): Illuminate\\Database\\Connection->run('select * from `...', Array, Object(Closure))
#12 D:\\Repositorys\\lansweeperchocolateypatchdashboard\\api-wsusinfo\\web\\vendor\\illuminate\\database\\Query\\Builder.php(2178): Illuminate\\Database\\Connection->select('select * from `...', Array, true)
#13 D:\\Repositorys\\lansweeperchocolateypatchdashboard\\api-wsusinfo\\web\\vendor\\illuminate\\database\\Query\\Builder.php(2166): Illuminate\\Database\\Query\\Builder->runSelect()
#14 D:\\Repositorys\\lansweeperchocolateypatchdashboard\\api-wsusinfo\\web\\vendor\\illuminate\\database\\Query\\Builder.php(2657): Illuminate\\Database\\Query\\Builder->Illuminate\\Database\\Query\\{closure}()
#15 D:\\Repositorys\\lansweeperchocolateypatchdashboard\\api-wsusinfo\\web\\vendor\\illuminate\\database\\Query\\Builder.php(2167): Illuminate\\Database\\Query\\Builder->onceWithColumns(Array, Object(Closure))
#16 D:\\Repositorys\\lansweeperchocolateypatchdashboard\\api-wsusinfo\\web\\vendor\\illuminate\\database\\Eloquent\\Builder.php(539): Illuminate\\Database\\Query\\Builder->get(Array)
#17 D:\\Repositorys\\lansweeperchocolateypatchdashboard\\api-wsusinfo\\web\\vendor\\illuminate\\database\\Eloquent\\Builder.php(523): Illuminate\\Database\\Eloquent\\Builder->getModels(Array)
#18 D:\\Repositorys\\lansweeperchocolateypatchdashboard\\api-wsusinfo\\web\\vendor\\illuminate\\database\\Eloquent\\Model.php(488): Illuminate\\Database\\Eloquent\\Builder->get(Array)
#19 D:\\Repositorys\\lansweeperchocolateypatchdashboard\\api-wsusinfo\\web\\app\\Http\\Controllers\\Controller.php(16): Illuminate\\Database\\Eloquent\\Model::all()
#20 [internal function]: App\\Http\\Controllers\\Controller->index()
#21 D:\\Repositorys\\lansweeperchocolateypatchdashboard\\api-wsusinfo\\web\\vendor\\illuminate\\container\\BoundMethod.php(33): call_user_func_array(Array, Array)
#22 D:\\Repositorys\\lansweeperchocolateypatchdashboard\\api-wsusinfo\\web\\vendor\\illuminate\\container\\Util.php(36): Illuminate\\Container\\BoundMethod::Illuminate\\Container\\{closure}()
#23 D:\\Repositorys\\lansweeperchocolateypatchdashboard\\api-wsusinfo\\web\\vendor\\illuminate\\container\\BoundMethod.php(91): Illuminate\\Container\\Util::unwrapIfClosure(Object(Closure))
#24 D:\\Repositorys\\lansweeperchocolateypatchdashboard\\api-wsusinfo\\web\\vendor\\illuminate\\container\\BoundMethod.php(35): Illuminate\\Container\\BoundMethod::callBoundMethod(Object(Laravel\\Lumen\\Application), Array, Object(Closure))
#25 D:\\Repositorys\\lansweeperchocolateypatchdashboard\\api-wsusinfo\\web\\vendor\\illuminate\\container\\Container.php(592): Illuminate\\Container\\BoundMethod::call(Object(Laravel\\Lumen\\Application), Array, Array, NULL)
#26 D:\\Repositorys\\lansweeperchocolateypatchdashboard\\api-wsusinfo\\web\\vendor\\laravel\\lumen-framework\\src\\Concerns\\RoutesRequests.php(376): Illuminate\\Container\\Container->call(Array, Array)
#27 D:\\Repositorys\\lansweeperchocolateypatchdashboard\\api-wsusinfo\\web\\vendor\\laravel\\lumen-framework\\src\\Concerns\\RoutesRequests.php(342): Laravel\\Lumen\\Application->callControllerCallable(Array, Array)
#28 D:\\Repositorys\\lansweeperchocolateypatchdashboard\\api-wsusinfo\\web\\vendor\\laravel\\lumen-framework\\src\\Concerns\\RoutesRequests.php(316): Laravel\\Lumen\\Application->callLumenController(Object(App\\Http\\Controllers\\Controller), 'index', Array)
#29 D:\\Repositorys\\lansweeperchocolateypatchdashboard\\api-wsusinfo\\web\\vendor\\laravel\\lumen-framework\\src\\Concerns\\RoutesRequests.php(278): Laravel\\Lumen\\Application->callControllerAction(Array)
#30 D:\\Repositorys\\lansweeperchocolateypatchdashboard\\api-wsusinfo\\web\\vendor\\laravel\\lumen-framework\\src\\Concerns\\RoutesRequests.php(263): Laravel\\Lumen\\Application->callActionOnArrayBasedRoute(Array)
#31 D:\\Repositorys\\lansweeperchocolateypatchdashboard\\api-wsusinfo\\web\\vendor\\laravel\\lumen-framework\\src\\Concerns\\RoutesRequests.php(165): Laravel\\Lumen\\Application->handleFoundRoute(Array)
#32 [internal function]: Laravel\\Lumen\\Application->Laravel\\Lumen\\Concerns\\{closure}(Object(Laravel\\Lumen\\Http\\Request))
#33 D:\\Repositorys\\lansweeperchocolateypatchdashboard\\api-wsusinfo\\web\\vendor\\laravel\\lumen-framework\\src\\Routing\\Pipeline.php(48): call_user_func(Object(Closure), Object(Laravel\\Lumen\\Http\\Request))
#34 D:\\Repositorys\\lansweeperchocolateypatchdashboard\\api-wsusinfo\\web\\app\\Http\\Middleware\\CORS.php(25): Laravel\\Lumen\\Routing\\Pipeline->Laravel\\Lumen\\Routing\\{closure}(Object(Laravel\\Lumen\\Http\\Request))
#35 D:\\Repositorys\\lansweeperchocolateypatchdashboard\\api-wsusinfo\\web\\vendor\\illuminate\\pipeline\\Pipeline.php(167): App\\Http\\Middleware\\CORS->handle(Object(Laravel\\Lumen\\Http\\Request), Object(Closure))
#36 [internal function]: Illuminate\\Pipeline\\Pipeline->Illuminate\\Pipeline\\{closure}(Object(Laravel\\Lumen\\Http\\Request))
#37 D:\\Repositorys\\lansweeperchocolateypatchdashboard\\api-wsusinfo\\web\\vendor\\laravel\\lumen-framework\\src\\Routing\\Pipeline.php(30): call_user_func(Object(Closure), Object(Laravel\\Lumen\\Http\\Request))
#38 D:\\Repositorys\\lansweeperchocolateypatchdashboard\\api-wsusinfo\\web\\vendor\\illuminate\\pipeline\\Pipeline.php(103): Laravel\\Lumen\\Routing\\Pipeline->Laravel\\Lumen\\Routing\\{closure}(Object(Laravel\\Lumen\\Http\\Request))
#39 D:\\Repositorys\\lansweeperchocolateypatchdashboard\\api-wsusinfo\\web\\vendor\\laravel\\lumen-framework\\src\\Concerns\\RoutesRequests.php(413): Illuminate\\Pipeline\\Pipeline->then(Object(Closure))
#40 D:\\Repositorys\\lansweeperchocolateypatchdashboard\\api-wsusinfo\\web\\vendor\\laravel\\lumen-framework\\src\\Concerns\\RoutesRequests.php(171): Laravel\\Lumen\\Application->sendThroughPipeline(Array, Object(Closure))
#41 D:\\Repositorys\\lansweeperchocolateypatchdashboard\\api-wsusinfo\\web\\vendor\\laravel\\lumen-framework\\src\\Concerns\\RoutesRequests.php(108): Laravel\\Lumen\\Application->dispatch(NULL)
#42 D:\\Repositorys\\lansweeperchocolateypatchdashboard\\api-wsusinfo\\web\\public\\index.php(28): Laravel\\Lumen\\Application->run()
#43 {main}
"} 
[2020-05-18 06:44:45] local.ERROR: PDOException: PDO::__construct(): php_network_getaddresses: getaddrinfo failed: Der angegebene Host ist unbekannt.  in D:\Repositorys\lansweeperchocolateypatchdashboard\api-wsusinfo\web\vendor\illuminate\database\Connectors\Connector.php:70
Stack trace:
#0 D:\Repositorys\lansweeperchocolateypatchdashboard\api-wsusinfo\web\vendor\illuminate\database\Connectors\Connector.php(70): PDO->__construct('mysql:host=db-p...', 'db_wsusinfo', 'db_wsusinfo28ra...', Array)
#1 D:\Repositorys\lansweeperchocolateypatchdashboard\api-wsusinfo\web\vendor\illuminate\database\Connectors\Connector.php(46): Illuminate\Database\Connectors\Connector->createPdoConnection('mysql:host=db-p...', 'db_wsusinfo', 'db_wsusinfo28ra...', Array)
#2 D:\Repositorys\lansweeperchocolateypatchdashboard\api-wsusinfo\web\vendor\illuminate\database\Connectors\MySqlConnector.php(24): Illuminate\Database\Connectors\Connector->createConnection('mysql:host=db-p...', Array, Array)
#3 D:\Repositorys\lansweeperchocolateypatchdashboard\api-wsusinfo\web\vendor\illuminate\database\Connectors\ConnectionFactory.php(182): Illuminate\Database\Connectors\MySqlConnector->connect(Array)
#4 [internal function]: Illuminate\Database\Connectors\ConnectionFactory->Illuminate\Database\Connectors\{closure}()
#5 D:\Repositorys\lansweeperchocolateypatchdashboard\api-wsusinfo\web\vendor\illuminate\database\Connection.php(926): call_user_func(Object(Closure))
#6 D:\Repositorys\lansweeperchocolateypatchdashboard\api-wsusinfo\web\vendor\illuminate\database\Connection.php(961): Illuminate\Database\Connection->getPdo()
#7 D:\Repositorys\lansweeperchocolateypatchdashboard\api-wsusinfo\web\vendor\illuminate\database\Connection.php(405): Illuminate\Database\Connection->getReadPdo()
#8 D:\Repositorys\lansweeperchocolateypatchdashboard\api-wsusinfo\web\vendor\illuminate\database\Connection.php(331): Illuminate\Database\Connection->getPdoForSelect(true)
#9 D:\Repositorys\lansweeperchocolateypatchdashboard\api-wsusinfo\web\vendor\illuminate\database\Connection.php(664): Illuminate\Database\Connection->Illuminate\Database\{closure}('select * from `...', Array)
#10 D:\Repositorys\lansweeperchocolateypatchdashboard\api-wsusinfo\web\vendor\illuminate\database\Connection.php(631): Illuminate\Database\Connection->runQueryCallback('select * from `...', Array, Object(Closure))
#11 D:\Repositorys\lansweeperchocolateypatchdashboard\api-wsusinfo\web\vendor\illuminate\database\Connection.php(339): Illuminate\Database\Connection->run('select * from `...', Array, Object(Closure))
#12 D:\Repositorys\lansweeperchocolateypatchdashboard\api-wsusinfo\web\vendor\illuminate\database\Query\Builder.php(2178): Illuminate\Database\Connection->select('select * from `...', Array, true)
#13 D:\Repositorys\lansweeperchocolateypatchdashboard\api-wsusinfo\web\vendor\illuminate\database\Query\Builder.php(2166): Illuminate\Database\Query\Builder->runSelect()
#14 D:\Repositorys\lansweeperchocolateypatchdashboard\api-wsusinfo\web\vendor\illuminate\database\Query\Builder.php(2657): Illuminate\Database\Query\Builder->Illuminate\Database\Query\{closure}()
#15 D:\Repositorys\lansweeperchocolateypatchdashboard\api-wsusinfo\web\vendor\illuminate\database\Query\Builder.php(2167): Illuminate\Database\Query\Builder->onceWithColumns(Array, Object(Closure))
#16 D:\Repositorys\lansweeperchocolateypatchdashboard\api-wsusinfo\web\vendor\illuminate\database\Eloquent\Builder.php(539): Illuminate\Database\Query\Builder->get(Array)
#17 D:\Repositorys\lansweeperchocolateypatchdashboard\api-wsusinfo\web\vendor\illuminate\database\Eloquent\Builder.php(523): Illuminate\Database\Eloquent\Builder->getModels(Array)
#18 D:\Repositorys\lansweeperchocolateypatchdashboard\api-wsusinfo\web\vendor\illuminate\database\Eloquent\Model.php(488): Illuminate\Database\Eloquent\Builder->get(Array)
#19 D:\Repositorys\lansweeperchocolateypatchdashboard\api-wsusinfo\web\app\Http\Controllers\Controller.php(16): Illuminate\Database\Eloquent\Model::all()
#20 [internal function]: App\Http\Controllers\Controller->index()
#21 D:\Repositorys\lansweeperchocolateypatchdashboard\api-wsusinfo\web\vendor\illuminate\container\BoundMethod.php(33): call_user_func_array(Array, Array)
#22 D:\Repositorys\lansweeperchocolateypatchdashboard\api-wsusinfo\web\vendor\illuminate\container\Util.php(36): Illuminate\Container\BoundMethod::Illuminate\Container\{closure}()
#23 D:\Repositorys\lansweeperchocolateypatchdashboard\api-wsusinfo\web\vendor\illuminate\container\BoundMethod.php(91): Illuminate\Container\Util::unwrapIfClosure(Object(Closure))
#24 D:\Repositorys\lansweeperchocolateypatchdashboard\api-wsusinfo\web\vendor\illuminate\container\BoundMethod.php(35): Illuminate\Container\BoundMethod::callBoundMethod(Object(Laravel\Lumen\Application), Array, Object(Closure))
#25 D:\Repositorys\lansweeperchocolateypatchdashboard\api-wsusinfo\web\vendor\illuminate\container\Container.php(592): Illuminate\Container\BoundMethod::call(Object(Laravel\Lumen\Application), Array, Array, NULL)
#26 D:\Repositorys\lansweeperchocolateypatchdashboard\api-wsusinfo\web\vendor\laravel\lumen-framework\src\Concerns\RoutesRequests.php(376): Illuminate\Container\Container->call(Array, Array)
#27 D:\Repositorys\lansweeperchocolateypatchdashboard\api-wsusinfo\web\vendor\laravel\lumen-framework\src\Concerns\RoutesRequests.php(342): Laravel\Lumen\Application->callControllerCallable(Array, Array)
#28 D:\Repositorys\lansweeperchocolateypatchdashboard\api-wsusinfo\web\vendor\laravel\lumen-framework\src\Concerns\RoutesRequests.php(316): Laravel\Lumen\Application->callLumenController(Object(App\Http\Controllers\Controller), 'index', Array)
#29 D:\Repositorys\lansweeperchocolateypatchdashboard\api-wsusinfo\web\vendor\laravel\lumen-framework\src\Concerns\RoutesRequests.php(278): Laravel\Lumen\Application->callControllerAction(Array)
#30 D:\Repositorys\lansweeperchocolateypatchdashboard\api-wsusinfo\web\vendor\laravel\lumen-framework\src\Concerns\RoutesRequests.php(263): Laravel\Lumen\Application->callActionOnArrayBasedRoute(Array)
#31 D:\Repositorys\lansweeperchocolateypatchdashboard\api-wsusinfo\web\vendor\laravel\lumen-framework\src\Concerns\RoutesRequests.php(165): Laravel\Lumen\Application->handleFoundRoute(Array)
#32 [internal function]: Laravel\Lumen\Application->Laravel\Lumen\Concerns\{closure}(Object(Laravel\Lumen\Http\Request))
#33 D:\Repositorys\lansweeperchocolateypatchdashboard\api-wsusinfo\web\vendor\laravel\lumen-framework\src\Routing\Pipeline.php(48): call_user_func(Object(Closure), Object(Laravel\Lumen\Http\Request))
#34 D:\Repositorys\lansweeperchocolateypatchdashboard\api-wsusinfo\web\app\Http\Middleware\CORS.php(25): Laravel\Lumen\Routing\Pipeline->Laravel\Lumen\Routing\{closure}(Object(Laravel\Lumen\Http\Request))
#35 D:\Repositorys\lansweeperchocolateypatchdashboard\api-wsusinfo\web\vendor\illuminate\pipeline\Pipeline.php(167): App\Http\Middleware\CORS->handle(Object(Laravel\Lumen\Http\Request), Object(Closure))
#36 [internal function]: Illuminate\Pipeline\Pipeline->Illuminate\Pipeline\{closure}(Object(Laravel\Lumen\Http\Request))
#37 D:\Repositorys\lansweeperchocolateypatchdashboard\api-wsusinfo\web\vendor\laravel\lumen-framework\src\Routing\Pipeline.php(30): call_user_func(Object(Closure), Object(Laravel\Lumen\Http\Request))
#38 D:\Repositorys\lansweeperchocolateypatchdashboard\api-wsusinfo\web\vendor\illuminate\pipeline\Pipeline.php(103): Laravel\Lumen\Routing\Pipeline->Laravel\Lumen\Routing\{closure}(Object(Laravel\Lumen\Http\Request))
#39 D:\Repositorys\lansweeperchocolateypatchdashboard\api-wsusinfo\web\vendor\laravel\lumen-framework\src\Concerns\RoutesRequests.php(413): Illuminate\Pipeline\Pipeline->then(Object(Closure))
#40 D:\Repositorys\lansweeperchocolateypatchdashboard\api-wsusinfo\web\vendor\laravel\lumen-framework\src\Concerns\RoutesRequests.php(171): Laravel\Lumen\Application->sendThroughPipeline(Array, Object(Closure))
#41 D:\Repositorys\lansweeperchocolateypatchdashboard\api-wsusinfo\web\vendor\laravel\lumen-framework\src\Concerns\RoutesRequests.php(108): Laravel\Lumen\Application->dispatch(NULL)
#42 D:\Repositorys\lansweeperchocolateypatchdashboard\api-wsusinfo\web\public\index.php(28): Laravel\Lumen\Application->run()
#43 {main}

Next PDOException: SQLSTATE[HY000] [2002] php_network_getaddresses: getaddrinfo failed: Der angegebene Host ist unbekannt.  in D:\Repositorys\lansweeperchocolateypatchdashboard\api-wsusinfo\web\vendor\illuminate\database\Connectors\Connector.php:70
Stack trace:
#0 D:\Repositorys\lansweeperchocolateypatchdashboard\api-wsusinfo\web\vendor\illuminate\database\Connectors\Connector.php(70): PDO->__construct('mysql:host=db-p...', 'db_wsusinfo', 'db_wsusinfo28ra...', Array)
#1 D:\Repositorys\lansweeperchocolateypatchdashboard\api-wsusinfo\web\vendor\illuminate\database\Connectors\Connector.php(46): Illuminate\Database\Connectors\Connector->createPdoConnection('mysql:host=db-p...', 'db_wsusinfo', 'db_wsusinfo28ra...', Array)
#2 D:\Repositorys\lansweeperchocolateypatchdashboard\api-wsusinfo\web\vendor\illuminate\database\Connectors\MySqlConnector.php(24): Illuminate\Database\Connectors\Connector->createConnection('mysql:host=db-p...', Array, Array)
#3 D:\Repositorys\lansweeperchocolateypatchdashboard\api-wsusinfo\web\vendor\illuminate\database\Connectors\ConnectionFactory.php(182): Illuminate\Database\Connectors\MySqlConnector->connect(Array)
#4 [internal function]: Illuminate\Database\Connectors\ConnectionFactory->Illuminate\Database\Connectors\{closure}()
#5 D:\Repositorys\lansweeperchocolateypatchdashboard\api-wsusinfo\web\vendor\illuminate\database\Connection.php(926): call_user_func(Object(Closure))
#6 D:\Repositorys\lansweeperchocolateypatchdashboard\api-wsusinfo\web\vendor\illuminate\database\Connection.php(961): Illuminate\Database\Connection->getPdo()
#7 D:\Repositorys\lansweeperchocolateypatchdashboard\api-wsusinfo\web\vendor\illuminate\database\Connection.php(405): Illuminate\Database\Connection->getReadPdo()
#8 D:\Repositorys\lansweeperchocolateypatchdashboard\api-wsusinfo\web\vendor\illuminate\database\Connection.php(331): Illuminate\Database\Connection->getPdoForSelect(true)
#9 D:\Repositorys\lansweeperchocolateypatchdashboard\api-wsusinfo\web\vendor\illuminate\database\Connection.php(664): Illuminate\Database\Connection->Illuminate\Database\{closure}('select * from `...', Array)
#10 D:\Repositorys\lansweeperchocolateypatchdashboard\api-wsusinfo\web\vendor\illuminate\database\Connection.php(631): Illuminate\Database\Connection->runQueryCallback('select * from `...', Array, Object(Closure))
#11 D:\Repositorys\lansweeperchocolateypatchdashboard\api-wsusinfo\web\vendor\illuminate\database\Connection.php(339): Illuminate\Database\Connection->run('select * from `...', Array, Object(Closure))
#12 D:\Repositorys\lansweeperchocolateypatchdashboard\api-wsusinfo\web\vendor\illuminate\database\Query\Builder.php(2178): Illuminate\Database\Connection->select('select * from `...', Array, true)
#13 D:\Repositorys\lansweeperchocolateypatchdashboard\api-wsusinfo\web\vendor\illuminate\database\Query\Builder.php(2166): Illuminate\Database\Query\Builder->runSelect()
#14 D:\Repositorys\lansweeperchocolateypatchdashboard\api-wsusinfo\web\vendor\illuminate\database\Query\Builder.php(2657): Illuminate\Database\Query\Builder->Illuminate\Database\Query\{closure}()
#15 D:\Repositorys\lansweeperchocolateypatchdashboard\api-wsusinfo\web\vendor\illuminate\database\Query\Builder.php(2167): Illuminate\Database\Query\Builder->onceWithColumns(Array, Object(Closure))
#16 D:\Repositorys\lansweeperchocolateypatchdashboard\api-wsusinfo\web\vendor\illuminate\database\Eloquent\Builder.php(539): Illuminate\Database\Query\Builder->get(Array)
#17 D:\Repositorys\lansweeperchocolateypatchdashboard\api-wsusinfo\web\vendor\illuminate\database\Eloquent\Builder.php(523): Illuminate\Database\Eloquent\Builder->getModels(Array)
#18 D:\Repositorys\lansweeperchocolateypatchdashboard\api-wsusinfo\web\vendor\illuminate\database\Eloquent\Model.php(488): Illuminate\Database\Eloquent\Builder->get(Array)
#19 D:\Repositorys\lansweeperchocolateypatchdashboard\api-wsusinfo\web\app\Http\Controllers\Controller.php(16): Illuminate\Database\Eloquent\Model::all()
#20 [internal function]: App\Http\Controllers\Controller->index()
#21 D:\Repositorys\lansweeperchocolateypatchdashboard\api-wsusinfo\web\vendor\illuminate\container\BoundMethod.php(33): call_user_func_array(Array, Array)
#22 D:\Repositorys\lansweeperchocolateypatchdashboard\api-wsusinfo\web\vendor\illuminate\container\Util.php(36): Illuminate\Container\BoundMethod::Illuminate\Container\{closure}()
#23 D:\Repositorys\lansweeperchocolateypatchdashboard\api-wsusinfo\web\vendor\illuminate\container\BoundMethod.php(91): Illuminate\Container\Util::unwrapIfClosure(Object(Closure))
#24 D:\Repositorys\lansweeperchocolateypatchdashboard\api-wsusinfo\web\vendor\illuminate\container\BoundMethod.php(35): Illuminate\Container\BoundMethod::callBoundMethod(Object(Laravel\Lumen\Application), Array, Object(Closure))
#25 D:\Repositorys\lansweeperchocolateypatchdashboard\api-wsusinfo\web\vendor\illuminate\container\Container.php(592): Illuminate\Container\BoundMethod::call(Object(Laravel\Lumen\Application), Array, Array, NULL)
#26 D:\Repositorys\lansweeperchocolateypatchdashboard\api-wsusinfo\web\vendor\laravel\lumen-framework\src\Concerns\RoutesRequests.php(376): Illuminate\Container\Container->call(Array, Array)
#27 D:\Repositorys\lansweeperchocolateypatchdashboard\api-wsusinfo\web\vendor\laravel\lumen-framework\src\Concerns\RoutesRequests.php(342): Laravel\Lumen\Application->callControllerCallable(Array, Array)
#28 D:\Repositorys\lansweeperchocolateypatchdashboard\api-wsusinfo\web\vendor\laravel\lumen-framework\src\Concerns\RoutesRequests.php(316): Laravel\Lumen\Application->callLumenController(Object(App\Http\Controllers\Controller), 'index', Array)
#29 D:\Repositorys\lansweeperchocolateypatchdashboard\api-wsusinfo\web\vendor\laravel\lumen-framework\src\Concerns\RoutesRequests.php(278): Laravel\Lumen\Application->callControllerAction(Array)
#30 D:\Repositorys\lansweeperchocolateypatchdashboard\api-wsusinfo\web\vendor\laravel\lumen-framework\src\Concerns\RoutesRequests.php(263): Laravel\Lumen\Application->callActionOnArrayBasedRoute(Array)
#31 D:\Repositorys\lansweeperchocolateypatchdashboard\api-wsusinfo\web\vendor\laravel\lumen-framework\src\Concerns\RoutesRequests.php(165): Laravel\Lumen\Application->handleFoundRoute(Array)
#32 [internal function]: Laravel\Lumen\Application->Laravel\Lumen\Concerns\{closure}(Object(Laravel\Lumen\Http\Request))
#33 D:\Repositorys\lansweeperchocolateypatchdashboard\api-wsusinfo\web\vendor\laravel\lumen-framework\src\Routing\Pipeline.php(48): call_user_func(Object(Closure), Object(Laravel\Lumen\Http\Request))
#34 D:\Repositorys\lansweeperchocolateypatchdashboard\api-wsusinfo\web\app\Http\Middleware\CORS.php(25): Laravel\Lumen\Routing\Pipeline->Laravel\Lumen\Routing\{closure}(Object(Laravel\Lumen\Http\Request))
#35 D:\Repositorys\lansweeperchocolateypatchdashboard\api-wsusinfo\web\vendor\illuminate\pipeline\Pipeline.php(167): App\Http\Middleware\CORS->handle(Object(Laravel\Lumen\Http\Request), Object(Closure))
#36 [internal function]: Illuminate\Pipeline\Pipeline->Illuminate\Pipeline\{closure}(Object(Laravel\Lumen\Http\Request))
#37 D:\Repositorys\lansweeperchocolateypatchdashboard\api-wsusinfo\web\vendor\laravel\lumen-framework\src\Routing\Pipeline.php(30): call_user_func(Object(Closure), Object(Laravel\Lumen\Http\Request))
#38 D:\Repositorys\lansweeperchocolateypatchdashboard\api-wsusinfo\web\vendor\illuminate\pipeline\Pipeline.php(103): Laravel\Lumen\Routing\Pipeline->Laravel\Lumen\Routing\{closure}(Object(Laravel\Lumen\Http\Request))
#39 D:\Repositorys\lansweeperchocolateypatchdashboard\api-wsusinfo\web\vendor\laravel\lumen-framework\src\Concerns\RoutesRequests.php(413): Illuminate\Pipeline\Pipeline->then(Object(Closure))
#40 D:\Repositorys\lansweeperchocolateypatchdashboard\api-wsusinfo\web\vendor\laravel\lumen-framework\src\Concerns\RoutesRequests.php(171): Laravel\Lumen\Application->sendThroughPipeline(Array, Object(Closure))
#41 D:\Repositorys\lansweeperchocolateypatchdashboard\api-wsusinfo\web\vendor\laravel\lumen-framework\src\Concerns\RoutesRequests.php(108): Laravel\Lumen\Application->dispatch(NULL)
#42 D:\Repositorys\lansweeperchocolateypatchdashboard\api-wsusinfo\web\public\index.php(28): Laravel\Lumen\Application->run()
#43 {main}

Next Illuminate\Database\QueryException: SQLSTATE[HY000] [2002] php_network_getaddresses: getaddrinfo failed: Der angegebene Host ist unbekannt.  (SQL: select * from `wsusentries`) in D:\Repositorys\lansweeperchocolateypatchdashboard\api-wsusinfo\web\vendor\illuminate\database\Connection.php:671
Stack trace:
#0 D:\Repositorys\lansweeperchocolateypatchdashboard\api-wsusinfo\web\vendor\illuminate\database\Connection.php(631): Illuminate\Database\Connection->runQueryCallback('select * from `...', Array, Object(Closure))
#1 D:\Repositorys\lansweeperchocolateypatchdashboard\api-wsusinfo\web\vendor\illuminate\database\Connection.php(339): Illuminate\Database\Connection->run('select * from `...', Array, Object(Closure))
#2 D:\Repositorys\lansweeperchocolateypatchdashboard\api-wsusinfo\web\vendor\illuminate\database\Query\Builder.php(2178): Illuminate\Database\Connection->select('select * from `...', Array, true)
#3 D:\Repositorys\lansweeperchocolateypatchdashboard\api-wsusinfo\web\vendor\illuminate\database\Query\Builder.php(2166): Illuminate\Database\Query\Builder->runSelect()
#4 D:\Repositorys\lansweeperchocolateypatchdashboard\api-wsusinfo\web\vendor\illuminate\database\Query\Builder.php(2657): Illuminate\Database\Query\Builder->Illuminate\Database\Query\{closure}()
#5 D:\Repositorys\lansweeperchocolateypatchdashboard\api-wsusinfo\web\vendor\illuminate\database\Query\Builder.php(2167): Illuminate\Database\Query\Builder->onceWithColumns(Array, Object(Closure))
#6 D:\Repositorys\lansweeperchocolateypatchdashboard\api-wsusinfo\web\vendor\illuminate\database\Eloquent\Builder.php(539): Illuminate\Database\Query\Builder->get(Array)
#7 D:\Repositorys\lansweeperchocolateypatchdashboard\api-wsusinfo\web\vendor\illuminate\database\Eloquent\Builder.php(523): Illuminate\Database\Eloquent\Builder->getModels(Array)
#8 D:\Repositorys\lansweeperchocolateypatchdashboard\api-wsusinfo\web\vendor\illuminate\database\Eloquent\Model.php(488): Illuminate\Database\Eloquent\Builder->get(Array)
#9 D:\Repositorys\lansweeperchocolateypatchdashboard\api-wsusinfo\web\app\Http\Controllers\Controller.php(16): Illuminate\Database\Eloquent\Model::all()
#10 [internal function]: App\Http\Controllers\Controller->index()
#11 D:\Repositorys\lansweeperchocolateypatchdashboard\api-wsusinfo\web\vendor\illuminate\container\BoundMethod.php(33): call_user_func_array(Array, Array)
#12 D:\Repositorys\lansweeperchocolateypatchdashboard\api-wsusinfo\web\vendor\illuminate\container\Util.php(36): Illuminate\Container\BoundMethod::Illuminate\Container\{closure}()
#13 D:\Repositorys\lansweeperchocolateypatchdashboard\api-wsusinfo\web\vendor\illuminate\container\BoundMethod.php(91): Illuminate\Container\Util::unwrapIfClosure(Object(Closure))
#14 D:\Repositorys\lansweeperchocolateypatchdashboard\api-wsusinfo\web\vendor\illuminate\container\BoundMethod.php(35): Illuminate\Container\BoundMethod::callBoundMethod(Object(Laravel\Lumen\Application), Array, Object(Closure))
#15 D:\Repositorys\lansweeperchocolateypatchdashboard\api-wsusinfo\web\vendor\illuminate\container\Container.php(592): Illuminate\Container\BoundMethod::call(Object(Laravel\Lumen\Application), Array, Array, NULL)
#16 D:\Repositorys\lansweeperchocolateypatchdashboard\api-wsusinfo\web\vendor\laravel\lumen-framework\src\Concerns\RoutesRequests.php(376): Illuminate\Container\Container->call(Array, Array)
#17 D:\Repositorys\lansweeperchocolateypatchdashboard\api-wsusinfo\web\vendor\laravel\lumen-framework\src\Concerns\RoutesRequests.php(342): Laravel\Lumen\Application->callControllerCallable(Array, Array)
#18 D:\Repositorys\lansweeperchocolateypatchdashboard\api-wsusinfo\web\vendor\laravel\lumen-framework\src\Concerns\RoutesRequests.php(316): Laravel\Lumen\Application->callLumenController(Object(App\Http\Controllers\Controller), 'index', Array)
#19 D:\Repositorys\lansweeperchocolateypatchdashboard\api-wsusinfo\web\vendor\laravel\lumen-framework\src\Concerns\RoutesRequests.php(278): Laravel\Lumen\Application->callControllerAction(Array)
#20 D:\Repositorys\lansweeperchocolateypatchdashboard\api-wsusinfo\web\vendor\laravel\lumen-framework\src\Concerns\RoutesRequests.php(263): Laravel\Lumen\Application->callActionOnArrayBasedRoute(Array)
#21 D:\Repositorys\lansweeperchocolateypatchdashboard\api-wsusinfo\web\vendor\laravel\lumen-framework\src\Concerns\RoutesRequests.php(165): Laravel\Lumen\Application->handleFoundRoute(Array)
#22 [internal function]: Laravel\Lumen\Application->Laravel\Lumen\Concerns\{closure}(Object(Laravel\Lumen\Http\Request))
#23 D:\Repositorys\lansweeperchocolateypatchdashboard\api-wsusinfo\web\vendor\laravel\lumen-framework\src\Routing\Pipeline.php(48): call_user_func(Object(Closure), Object(Laravel\Lumen\Http\Request))
#24 D:\Repositorys\lansweeperchocolateypatchdashboard\api-wsusinfo\web\app\Http\Middleware\CORS.php(25): Laravel\Lumen\Routing\Pipeline->Laravel\Lumen\Routing\{closure}(Object(Laravel\Lumen\Http\Request))
#25 D:\Repositorys\lansweeperchocolateypatchdashboard\api-wsusinfo\web\vendor\illuminate\pipeline\Pipeline.php(167): App\Http\Middleware\CORS->handle(Object(Laravel\Lumen\Http\Request), Object(Closure))
#26 [internal function]: Illuminate\Pipeline\Pipeline->Illuminate\Pipeline\{closure}(Object(Laravel\Lumen\Http\Request))
#27 D:\Repositorys\lansweeperchocolateypatchdashboard\api-wsusinfo\web\vendor\laravel\lumen-framework\src\Routing\Pipeline.php(30): call_user_func(Object(Closure), Object(Laravel\Lumen\Http\Request))
#28 D:\Repositorys\lansweeperchocolateypatchdashboard\api-wsusinfo\web\vendor\illuminate\pipeline\Pipeline.php(103): Laravel\Lumen\Routing\Pipeline->Laravel\Lumen\Routing\{closure}(Object(Laravel\Lumen\Http\Request))
#29 D:\Repositorys\lansweeperchocolateypatchdashboard\api-wsusinfo\web\vendor\laravel\lumen-framework\src\Concerns\RoutesRequests.php(413): Illuminate\Pipeline\Pipeline->then(Object(Closure))
#30 D:\Repositorys\lansweeperchocolateypatchdashboard\api-wsusinfo\web\vendor\laravel\lumen-framework\src\Concerns\RoutesRequests.php(171): Laravel\Lumen\Application->sendThroughPipeline(Array, Object(Closure))
#31 D:\Repositorys\lansweeperchocolateypatchdashboard\api-wsusinfo\web\vendor\laravel\lumen-framework\src\Concerns\RoutesRequests.php(108): Laravel\Lumen\Application->dispatch(NULL)
#32 D:\Repositorys\lansweeperchocolateypatchdashboard\api-wsusinfo\web\public\index.php(28): Laravel\Lumen\Application->run()
#33 {main} {"exception":"[object] (Illuminate\\Database\\QueryException(code: 2002): SQLSTATE[HY000] [2002] php_network_getaddresses: getaddrinfo failed: Der angegebene Host ist unbekannt.  (SQL: select * from `wsusentries`) at D:\\Repositorys\\lansweeperchocolateypatchdashboard\\api-wsusinfo\\web\\vendor\\illuminate\\database\\Connection.php:671)
[stacktrace]
#0 D:\\Repositorys\\lansweeperchocolateypatchdashboard\\api-wsusinfo\\web\\vendor\\illuminate\\database\\Connection.php(631): Illuminate\\Database\\Connection->runQueryCallback('select * from `...', Array, Object(Closure))
#1 D:\\Repositorys\\lansweeperchocolateypatchdashboard\\api-wsusinfo\\web\\vendor\\illuminate\\database\\Connection.php(339): Illuminate\\Database\\Connection->run('select * from `...', Array, Object(Closure))
#2 D:\\Repositorys\\lansweeperchocolateypatchdashboard\\api-wsusinfo\\web\\vendor\\illuminate\\database\\Query\\Builder.php(2178): Illuminate\\Database\\Connection->select('select * from `...', Array, true)
#3 D:\\Repositorys\\lansweeperchocolateypatchdashboard\\api-wsusinfo\\web\\vendor\\illuminate\\database\\Query\\Builder.php(2166): Illuminate\\Database\\Query\\Builder->runSelect()
#4 D:\\Repositorys\\lansweeperchocolateypatchdashboard\\api-wsusinfo\\web\\vendor\\illuminate\\database\\Query\\Builder.php(2657): Illuminate\\Database\\Query\\Builder->Illuminate\\Database\\Query\\{closure}()
#5 D:\\Repositorys\\lansweeperchocolateypatchdashboard\\api-wsusinfo\\web\\vendor\\illuminate\\database\\Query\\Builder.php(2167): Illuminate\\Database\\Query\\Builder->onceWithColumns(Array, Object(Closure))
#6 D:\\Repositorys\\lansweeperchocolateypatchdashboard\\api-wsusinfo\\web\\vendor\\illuminate\\database\\Eloquent\\Builder.php(539): Illuminate\\Database\\Query\\Builder->get(Array)
#7 D:\\Repositorys\\lansweeperchocolateypatchdashboard\\api-wsusinfo\\web\\vendor\\illuminate\\database\\Eloquent\\Builder.php(523): Illuminate\\Database\\Eloquent\\Builder->getModels(Array)
#8 D:\\Repositorys\\lansweeperchocolateypatchdashboard\\api-wsusinfo\\web\\vendor\\illuminate\\database\\Eloquent\\Model.php(488): Illuminate\\Database\\Eloquent\\Builder->get(Array)
#9 D:\\Repositorys\\lansweeperchocolateypatchdashboard\\api-wsusinfo\\web\\app\\Http\\Controllers\\Controller.php(16): Illuminate\\Database\\Eloquent\\Model::all()
#10 [internal function]: App\\Http\\Controllers\\Controller->index()
#11 D:\\Repositorys\\lansweeperchocolateypatchdashboard\\api-wsusinfo\\web\\vendor\\illuminate\\container\\BoundMethod.php(33): call_user_func_array(Array, Array)
#12 D:\\Repositorys\\lansweeperchocolateypatchdashboard\\api-wsusinfo\\web\\vendor\\illuminate\\container\\Util.php(36): Illuminate\\Container\\BoundMethod::Illuminate\\Container\\{closure}()
#13 D:\\Repositorys\\lansweeperchocolateypatchdashboard\\api-wsusinfo\\web\\vendor\\illuminate\\container\\BoundMethod.php(91): Illuminate\\Container\\Util::unwrapIfClosure(Object(Closure))
#14 D:\\Repositorys\\lansweeperchocolateypatchdashboard\\api-wsusinfo\\web\\vendor\\illuminate\\container\\BoundMethod.php(35): Illuminate\\Container\\BoundMethod::callBoundMethod(Object(Laravel\\Lumen\\Application), Array, Object(Closure))
#15 D:\\Repositorys\\lansweeperchocolateypatchdashboard\\api-wsusinfo\\web\\vendor\\illuminate\\container\\Container.php(592): Illuminate\\Container\\BoundMethod::call(Object(Laravel\\Lumen\\Application), Array, Array, NULL)
#16 D:\\Repositorys\\lansweeperchocolateypatchdashboard\\api-wsusinfo\\web\\vendor\\laravel\\lumen-framework\\src\\Concerns\\RoutesRequests.php(376): Illuminate\\Container\\Container->call(Array, Array)
#17 D:\\Repositorys\\lansweeperchocolateypatchdashboard\\api-wsusinfo\\web\\vendor\\laravel\\lumen-framework\\src\\Concerns\\RoutesRequests.php(342): Laravel\\Lumen\\Application->callControllerCallable(Array, Array)
#18 D:\\Repositorys\\lansweeperchocolateypatchdashboard\\api-wsusinfo\\web\\vendor\\laravel\\lumen-framework\\src\\Concerns\\RoutesRequests.php(316): Laravel\\Lumen\\Application->callLumenController(Object(App\\Http\\Controllers\\Controller), 'index', Array)
#19 D:\\Repositorys\\lansweeperchocolateypatchdashboard\\api-wsusinfo\\web\\vendor\\laravel\\lumen-framework\\src\\Concerns\\RoutesRequests.php(278): Laravel\\Lumen\\Application->callControllerAction(Array)
#20 D:\\Repositorys\\lansweeperchocolateypatchdashboard\\api-wsusinfo\\web\\vendor\\laravel\\lumen-framework\\src\\Concerns\\RoutesRequests.php(263): Laravel\\Lumen\\Application->callActionOnArrayBasedRoute(Array)
#21 D:\\Repositorys\\lansweeperchocolateypatchdashboard\\api-wsusinfo\\web\\vendor\\laravel\\lumen-framework\\src\\Concerns\\RoutesRequests.php(165): Laravel\\Lumen\\Application->handleFoundRoute(Array)
#22 [internal function]: Laravel\\Lumen\\Application->Laravel\\Lumen\\Concerns\\{closure}(Object(Laravel\\Lumen\\Http\\Request))
#23 D:\\Repositorys\\lansweeperchocolateypatchdashboard\\api-wsusinfo\\web\\vendor\\laravel\\lumen-framework\\src\\Routing\\Pipeline.php(48): call_user_func(Object(Closure), Object(Laravel\\Lumen\\Http\\Request))
#24 D:\\Repositorys\\lansweeperchocolateypatchdashboard\\api-wsusinfo\\web\\app\\Http\\Middleware\\CORS.php(25): Laravel\\Lumen\\Routing\\Pipeline->Laravel\\Lumen\\Routing\\{closure}(Object(Laravel\\Lumen\\Http\\Request))
#25 D:\\Repositorys\\lansweeperchocolateypatchdashboard\\api-wsusinfo\\web\\vendor\\illuminate\\pipeline\\Pipeline.php(167): App\\Http\\Middleware\\CORS->handle(Object(Laravel\\Lumen\\Http\\Request), Object(Closure))
#26 [internal function]: Illuminate\\Pipeline\\Pipeline->Illuminate\\Pipeline\\{closure}(Object(Laravel\\Lumen\\Http\\Request))
#27 D:\\Repositorys\\lansweeperchocolateypatchdashboard\\api-wsusinfo\\web\\vendor\\laravel\\lumen-framework\\src\\Routing\\Pipeline.php(30): call_user_func(Object(Closure), Object(Laravel\\Lumen\\Http\\Request))
#28 D:\\Repositorys\\lansweeperchocolateypatchdashboard\\api-wsusinfo\\web\\vendor\\illuminate\\pipeline\\Pipeline.php(103): Laravel\\Lumen\\Routing\\Pipeline->Laravel\\Lumen\\Routing\\{closure}(Object(Laravel\\Lumen\\Http\\Request))
#29 D:\\Repositorys\\lansweeperchocolateypatchdashboard\\api-wsusinfo\\web\\vendor\\laravel\\lumen-framework\\src\\Concerns\\RoutesRequests.php(413): Illuminate\\Pipeline\\Pipeline->then(Object(Closure))
#30 D:\\Repositorys\\lansweeperchocolateypatchdashboard\\api-wsusinfo\\web\\vendor\\laravel\\lumen-framework\\src\\Concerns\\RoutesRequests.php(171): Laravel\\Lumen\\Application->sendThroughPipeline(Array, Object(Closure))
#31 D:\\Repositorys\\lansweeperchocolateypatchdashboard\\api-wsusinfo\\web\\vendor\\laravel\\lumen-framework\\src\\Concerns\\RoutesRequests.php(108): Laravel\\Lumen\\Application->dispatch(NULL)
#32 D:\\Repositorys\\lansweeperchocolateypatchdashboard\\api-wsusinfo\\web\\public\\index.php(28): Laravel\\Lumen\\Application->run()
#33 {main}

[previous exception] [object] (PDOException(code: 2002): SQLSTATE[HY000] [2002] php_network_getaddresses: getaddrinfo failed: Der angegebene Host ist unbekannt.  at D:\\Repositorys\\lansweeperchocolateypatchdashboard\\api-wsusinfo\\web\\vendor\\illuminate\\database\\Connectors\\Connector.php:70)
[stacktrace]
#0 D:\\Repositorys\\lansweeperchocolateypatchdashboard\\api-wsusinfo\\web\\vendor\\illuminate\\database\\Connectors\\Connector.php(70): PDO->__construct('mysql:host=db-p...', 'db_wsusinfo', 'db_wsusinfo28ra...', Array)
#1 D:\\Repositorys\\lansweeperchocolateypatchdashboard\\api-wsusinfo\\web\\vendor\\illuminate\\database\\Connectors\\Connector.php(46): Illuminate\\Database\\Connectors\\Connector->createPdoConnection('mysql:host=db-p...', 'db_wsusinfo', 'db_wsusinfo28ra...', Array)
#2 D:\\Repositorys\\lansweeperchocolateypatchdashboard\\api-wsusinfo\\web\\vendor\\illuminate\\database\\Connectors\\MySqlConnector.php(24): Illuminate\\Database\\Connectors\\Connector->createConnection('mysql:host=db-p...', Array, Array)
#3 D:\\Repositorys\\lansweeperchocolateypatchdashboard\\api-wsusinfo\\web\\vendor\\illuminate\\database\\Connectors\\ConnectionFactory.php(182): Illuminate\\Database\\Connectors\\MySqlConnector->connect(Array)
#4 [internal function]: Illuminate\\Database\\Connectors\\ConnectionFactory->Illuminate\\Database\\Connectors\\{closure}()
#5 D:\\Repositorys\\lansweeperchocolateypatchdashboard\\api-wsusinfo\\web\\vendor\\illuminate\\database\\Connection.php(926): call_user_func(Object(Closure))
#6 D:\\Repositorys\\lansweeperchocolateypatchdashboard\\api-wsusinfo\\web\\vendor\\illuminate\\database\\Connection.php(961): Illuminate\\Database\\Connection->getPdo()
#7 D:\\Repositorys\\lansweeperchocolateypatchdashboard\\api-wsusinfo\\web\\vendor\\illuminate\\database\\Connection.php(405): Illuminate\\Database\\Connection->getReadPdo()
#8 D:\\Repositorys\\lansweeperchocolateypatchdashboard\\api-wsusinfo\\web\\vendor\\illuminate\\database\\Connection.php(331): Illuminate\\Database\\Connection->getPdoForSelect(true)
#9 D:\\Repositorys\\lansweeperchocolateypatchdashboard\\api-wsusinfo\\web\\vendor\\illuminate\\database\\Connection.php(664): Illuminate\\Database\\Connection->Illuminate\\Database\\{closure}('select * from `...', Array)
#10 D:\\Repositorys\\lansweeperchocolateypatchdashboard\\api-wsusinfo\\web\\vendor\\illuminate\\database\\Connection.php(631): Illuminate\\Database\\Connection->runQueryCallback('select * from `...', Array, Object(Closure))
#11 D:\\Repositorys\\lansweeperchocolateypatchdashboard\\api-wsusinfo\\web\\vendor\\illuminate\\database\\Connection.php(339): Illuminate\\Database\\Connection->run('select * from `...', Array, Object(Closure))
#12 D:\\Repositorys\\lansweeperchocolateypatchdashboard\\api-wsusinfo\\web\\vendor\\illuminate\\database\\Query\\Builder.php(2178): Illuminate\\Database\\Connection->select('select * from `...', Array, true)
#13 D:\\Repositorys\\lansweeperchocolateypatchdashboard\\api-wsusinfo\\web\\vendor\\illuminate\\database\\Query\\Builder.php(2166): Illuminate\\Database\\Query\\Builder->runSelect()
#14 D:\\Repositorys\\lansweeperchocolateypatchdashboard\\api-wsusinfo\\web\\vendor\\illuminate\\database\\Query\\Builder.php(2657): Illuminate\\Database\\Query\\Builder->Illuminate\\Database\\Query\\{closure}()
#15 D:\\Repositorys\\lansweeperchocolateypatchdashboard\\api-wsusinfo\\web\\vendor\\illuminate\\database\\Query\\Builder.php(2167): Illuminate\\Database\\Query\\Builder->onceWithColumns(Array, Object(Closure))
#16 D:\\Repositorys\\lansweeperchocolateypatchdashboard\\api-wsusinfo\\web\\vendor\\illuminate\\database\\Eloquent\\Builder.php(539): Illuminate\\Database\\Query\\Builder->get(Array)
#17 D:\\Repositorys\\lansweeperchocolateypatchdashboard\\api-wsusinfo\\web\\vendor\\illuminate\\database\\Eloquent\\Builder.php(523): Illuminate\\Database\\Eloquent\\Builder->getModels(Array)
#18 D:\\Repositorys\\lansweeperchocolateypatchdashboard\\api-wsusinfo\\web\\vendor\\illuminate\\database\\Eloquent\\Model.php(488): Illuminate\\Database\\Eloquent\\Builder->get(Array)
#19 D:\\Repositorys\\lansweeperchocolateypatchdashboard\\api-wsusinfo\\web\\app\\Http\\Controllers\\Controller.php(16): Illuminate\\Database\\Eloquent\\Model::all()
#20 [internal function]: App\\Http\\Controllers\\Controller->index()
#21 D:\\Repositorys\\lansweeperchocolateypatchdashboard\\api-wsusinfo\\web\\vendor\\illuminate\\container\\BoundMethod.php(33): call_user_func_array(Array, Array)
#22 D:\\Repositorys\\lansweeperchocolateypatchdashboard\\api-wsusinfo\\web\\vendor\\illuminate\\container\\Util.php(36): Illuminate\\Container\\BoundMethod::Illuminate\\Container\\{closure}()
#23 D:\\Repositorys\\lansweeperchocolateypatchdashboard\\api-wsusinfo\\web\\vendor\\illuminate\\container\\BoundMethod.php(91): Illuminate\\Container\\Util::unwrapIfClosure(Object(Closure))
#24 D:\\Repositorys\\lansweeperchocolateypatchdashboard\\api-wsusinfo\\web\\vendor\\illuminate\\container\\BoundMethod.php(35): Illuminate\\Container\\BoundMethod::callBoundMethod(Object(Laravel\\Lumen\\Application), Array, Object(Closure))
#25 D:\\Repositorys\\lansweeperchocolateypatchdashboard\\api-wsusinfo\\web\\vendor\\illuminate\\container\\Container.php(592): Illuminate\\Container\\BoundMethod::call(Object(Laravel\\Lumen\\Application), Array, Array, NULL)
#26 D:\\Repositorys\\lansweeperchocolateypatchdashboard\\api-wsusinfo\\web\\vendor\\laravel\\lumen-framework\\src\\Concerns\\RoutesRequests.php(376): Illuminate\\Container\\Container->call(Array, Array)
#27 D:\\Repositorys\\lansweeperchocolateypatchdashboard\\api-wsusinfo\\web\\vendor\\laravel\\lumen-framework\\src\\Concerns\\RoutesRequests.php(342): Laravel\\Lumen\\Application->callControllerCallable(Array, Array)
#28 D:\\Repositorys\\lansweeperchocolateypatchdashboard\\api-wsusinfo\\web\\vendor\\laravel\\lumen-framework\\src\\Concerns\\RoutesRequests.php(316): Laravel\\Lumen\\Application->callLumenController(Object(App\\Http\\Controllers\\Controller), 'index', Array)
#29 D:\\Repositorys\\lansweeperchocolateypatchdashboard\\api-wsusinfo\\web\\vendor\\laravel\\lumen-framework\\src\\Concerns\\RoutesRequests.php(278): Laravel\\Lumen\\Application->callControllerAction(Array)
#30 D:\\Repositorys\\lansweeperchocolateypatchdashboard\\api-wsusinfo\\web\\vendor\\laravel\\lumen-framework\\src\\Concerns\\RoutesRequests.php(263): Laravel\\Lumen\\Application->callActionOnArrayBasedRoute(Array)
#31 D:\\Repositorys\\lansweeperchocolateypatchdashboard\\api-wsusinfo\\web\\vendor\\laravel\\lumen-framework\\src\\Concerns\\RoutesRequests.php(165): Laravel\\Lumen\\Application->handleFoundRoute(Array)
#32 [internal function]: Laravel\\Lumen\\Application->Laravel\\Lumen\\Concerns\\{closure}(Object(Laravel\\Lumen\\Http\\Request))
#33 D:\\Repositorys\\lansweeperchocolateypatchdashboard\\api-wsusinfo\\web\\vendor\\laravel\\lumen-framework\\src\\Routing\\Pipeline.php(48): call_user_func(Object(Closure), Object(Laravel\\Lumen\\Http\\Request))
#34 D:\\Repositorys\\lansweeperchocolateypatchdashboard\\api-wsusinfo\\web\\app\\Http\\Middleware\\CORS.php(25): Laravel\\Lumen\\Routing\\Pipeline->Laravel\\Lumen\\Routing\\{closure}(Object(Laravel\\Lumen\\Http\\Request))
#35 D:\\Repositorys\\lansweeperchocolateypatchdashboard\\api-wsusinfo\\web\\vendor\\illuminate\\pipeline\\Pipeline.php(167): App\\Http\\Middleware\\CORS->handle(Object(Laravel\\Lumen\\Http\\Request), Object(Closure))
#36 [internal function]: Illuminate\\Pipeline\\Pipeline->Illuminate\\Pipeline\\{closure}(Object(Laravel\\Lumen\\Http\\Request))
#37 D:\\Repositorys\\lansweeperchocolateypatchdashboard\\api-wsusinfo\\web\\vendor\\laravel\\lumen-framework\\src\\Routing\\Pipeline.php(30): call_user_func(Object(Closure), Object(Laravel\\Lumen\\Http\\Request))
#38 D:\\Repositorys\\lansweeperchocolateypatchdashboard\\api-wsusinfo\\web\\vendor\\illuminate\\pipeline\\Pipeline.php(103): Laravel\\Lumen\\Routing\\Pipeline->Laravel\\Lumen\\Routing\\{closure}(Object(Laravel\\Lumen\\Http\\Request))
#39 D:\\Repositorys\\lansweeperchocolateypatchdashboard\\api-wsusinfo\\web\\vendor\\laravel\\lumen-framework\\src\\Concerns\\RoutesRequests.php(413): Illuminate\\Pipeline\\Pipeline->then(Object(Closure))
#40 D:\\Repositorys\\lansweeperchocolateypatchdashboard\\api-wsusinfo\\web\\vendor\\laravel\\lumen-framework\\src\\Concerns\\RoutesRequests.php(171): Laravel\\Lumen\\Application->sendThroughPipeline(Array, Object(Closure))
#41 D:\\Repositorys\\lansweeperchocolateypatchdashboard\\api-wsusinfo\\web\\vendor\\laravel\\lumen-framework\\src\\Concerns\\RoutesRequests.php(108): Laravel\\Lumen\\Application->dispatch(NULL)
#42 D:\\Repositorys\\lansweeperchocolateypatchdashboard\\api-wsusinfo\\web\\public\\index.php(28): Laravel\\Lumen\\Application->run()
#43 {main}

[previous exception] [object] (PDOException(code: 0): PDO::__construct(): php_network_getaddresses: getaddrinfo failed: Der angegebene Host ist unbekannt.  at D:\\Repositorys\\lansweeperchocolateypatchdashboard\\api-wsusinfo\\web\\vendor\\illuminate\\database\\Connectors\\Connector.php:70)
[stacktrace]
#0 D:\\Repositorys\\lansweeperchocolateypatchdashboard\\api-wsusinfo\\web\\vendor\\illuminate\\database\\Connectors\\Connector.php(70): PDO->__construct('mysql:host=db-p...', 'db_wsusinfo', 'db_wsusinfo28ra...', Array)
#1 D:\\Repositorys\\lansweeperchocolateypatchdashboard\\api-wsusinfo\\web\\vendor\\illuminate\\database\\Connectors\\Connector.php(46): Illuminate\\Database\\Connectors\\Connector->createPdoConnection('mysql:host=db-p...', 'db_wsusinfo', 'db_wsusinfo28ra...', Array)
#2 D:\\Repositorys\\lansweeperchocolateypatchdashboard\\api-wsusinfo\\web\\vendor\\illuminate\\database\\Connectors\\MySqlConnector.php(24): Illuminate\\Database\\Connectors\\Connector->createConnection('mysql:host=db-p...', Array, Array)
#3 D:\\Repositorys\\lansweeperchocolateypatchdashboard\\api-wsusinfo\\web\\vendor\\illuminate\\database\\Connectors\\ConnectionFactory.php(182): Illuminate\\Database\\Connectors\\MySqlConnector->connect(Array)
#4 [internal function]: Illuminate\\Database\\Connectors\\ConnectionFactory->Illuminate\\Database\\Connectors\\{closure}()
#5 D:\\Repositorys\\lansweeperchocolateypatchdashboard\\api-wsusinfo\\web\\vendor\\illuminate\\database\\Connection.php(926): call_user_func(Object(Closure))
#6 D:\\Repositorys\\lansweeperchocolateypatchdashboard\\api-wsusinfo\\web\\vendor\\illuminate\\database\\Connection.php(961): Illuminate\\Database\\Connection->getPdo()
#7 D:\\Repositorys\\lansweeperchocolateypatchdashboard\\api-wsusinfo\\web\\vendor\\illuminate\\database\\Connection.php(405): Illuminate\\Database\\Connection->getReadPdo()
#8 D:\\Repositorys\\lansweeperchocolateypatchdashboard\\api-wsusinfo\\web\\vendor\\illuminate\\database\\Connection.php(331): Illuminate\\Database\\Connection->getPdoForSelect(true)
#9 D:\\Repositorys\\lansweeperchocolateypatchdashboard\\api-wsusinfo\\web\\vendor\\illuminate\\database\\Connection.php(664): Illuminate\\Database\\Connection->Illuminate\\Database\\{closure}('select * from `...', Array)
#10 D:\\Repositorys\\lansweeperchocolateypatchdashboard\\api-wsusinfo\\web\\vendor\\illuminate\\database\\Connection.php(631): Illuminate\\Database\\Connection->runQueryCallback('select * from `...', Array, Object(Closure))
#11 D:\\Repositorys\\lansweeperchocolateypatchdashboard\\api-wsusinfo\\web\\vendor\\illuminate\\database\\Connection.php(339): Illuminate\\Database\\Connection->run('select * from `...', Array, Object(Closure))
#12 D:\\Repositorys\\lansweeperchocolateypatchdashboard\\api-wsusinfo\\web\\vendor\\illuminate\\database\\Query\\Builder.php(2178): Illuminate\\Database\\Connection->select('select * from `...', Array, true)
#13 D:\\Repositorys\\lansweeperchocolateypatchdashboard\\api-wsusinfo\\web\\vendor\\illuminate\\database\\Query\\Builder.php(2166): Illuminate\\Database\\Query\\Builder->runSelect()
#14 D:\\Repositorys\\lansweeperchocolateypatchdashboard\\api-wsusinfo\\web\\vendor\\illuminate\\database\\Query\\Builder.php(2657): Illuminate\\Database\\Query\\Builder->Illuminate\\Database\\Query\\{closure}()
#15 D:\\Repositorys\\lansweeperchocolateypatchdashboard\\api-wsusinfo\\web\\vendor\\illuminate\\database\\Query\\Builder.php(2167): Illuminate\\Database\\Query\\Builder->onceWithColumns(Array, Object(Closure))
#16 D:\\Repositorys\\lansweeperchocolateypatchdashboard\\api-wsusinfo\\web\\vendor\\illuminate\\database\\Eloquent\\Builder.php(539): Illuminate\\Database\\Query\\Builder->get(Array)
#17 D:\\Repositorys\\lansweeperchocolateypatchdashboard\\api-wsusinfo\\web\\vendor\\illuminate\\database\\Eloquent\\Builder.php(523): Illuminate\\Database\\Eloquent\\Builder->getModels(Array)
#18 D:\\Repositorys\\lansweeperchocolateypatchdashboard\\api-wsusinfo\\web\\vendor\\illuminate\\database\\Eloquent\\Model.php(488): Illuminate\\Database\\Eloquent\\Builder->get(Array)
#19 D:\\Repositorys\\lansweeperchocolateypatchdashboard\\api-wsusinfo\\web\\app\\Http\\Controllers\\Controller.php(16): Illuminate\\Database\\Eloquent\\Model::all()
#20 [internal function]: App\\Http\\Controllers\\Controller->index()
#21 D:\\Repositorys\\lansweeperchocolateypatchdashboard\\api-wsusinfo\\web\\vendor\\illuminate\\container\\BoundMethod.php(33): call_user_func_array(Array, Array)
#22 D:\\Repositorys\\lansweeperchocolateypatchdashboard\\api-wsusinfo\\web\\vendor\\illuminate\\container\\Util.php(36): Illuminate\\Container\\BoundMethod::Illuminate\\Container\\{closure}()
#23 D:\\Repositorys\\lansweeperchocolateypatchdashboard\\api-wsusinfo\\web\\vendor\\illuminate\\container\\BoundMethod.php(91): Illuminate\\Container\\Util::unwrapIfClosure(Object(Closure))
#24 D:\\Repositorys\\lansweeperchocolateypatchdashboard\\api-wsusinfo\\web\\vendor\\illuminate\\container\\BoundMethod.php(35): Illuminate\\Container\\BoundMethod::callBoundMethod(Object(Laravel\\Lumen\\Application), Array, Object(Closure))
#25 D:\\Repositorys\\lansweeperchocolateypatchdashboard\\api-wsusinfo\\web\\vendor\\illuminate\\container\\Container.php(592): Illuminate\\Container\\BoundMethod::call(Object(Laravel\\Lumen\\Application), Array, Array, NULL)
#26 D:\\Repositorys\\lansweeperchocolateypatchdashboard\\api-wsusinfo\\web\\vendor\\laravel\\lumen-framework\\src\\Concerns\\RoutesRequests.php(376): Illuminate\\Container\\Container->call(Array, Array)
#27 D:\\Repositorys\\lansweeperchocolateypatchdashboard\\api-wsusinfo\\web\\vendor\\laravel\\lumen-framework\\src\\Concerns\\RoutesRequests.php(342): Laravel\\Lumen\\Application->callControllerCallable(Array, Array)
#28 D:\\Repositorys\\lansweeperchocolateypatchdashboard\\api-wsusinfo\\web\\vendor\\laravel\\lumen-framework\\src\\Concerns\\RoutesRequests.php(316): Laravel\\Lumen\\Application->callLumenController(Object(App\\Http\\Controllers\\Controller), 'index', Array)
#29 D:\\Repositorys\\lansweeperchocolateypatchdashboard\\api-wsusinfo\\web\\vendor\\laravel\\lumen-framework\\src\\Concerns\\RoutesRequests.php(278): Laravel\\Lumen\\Application->callControllerAction(Array)
#30 D:\\Repositorys\\lansweeperchocolateypatchdashboard\\api-wsusinfo\\web\\vendor\\laravel\\lumen-framework\\src\\Concerns\\RoutesRequests.php(263): Laravel\\Lumen\\Application->callActionOnArrayBasedRoute(Array)
#31 D:\\Repositorys\\lansweeperchocolateypatchdashboard\\api-wsusinfo\\web\\vendor\\laravel\\lumen-framework\\src\\Concerns\\RoutesRequests.php(165): Laravel\\Lumen\\Application->handleFoundRoute(Array)
#32 [internal function]: Laravel\\Lumen\\Application->Laravel\\Lumen\\Concerns\\{closure}(Object(Laravel\\Lumen\\Http\\Request))
#33 D:\\Repositorys\\lansweeperchocolateypatchdashboard\\api-wsusinfo\\web\\vendor\\laravel\\lumen-framework\\src\\Routing\\Pipeline.php(48): call_user_func(Object(Closure), Object(Laravel\\Lumen\\Http\\Request))
#34 D:\\Repositorys\\lansweeperchocolateypatchdashboard\\api-wsusinfo\\web\\app\\Http\\Middleware\\CORS.php(25): Laravel\\Lumen\\Routing\\Pipeline->Laravel\\Lumen\\Routing\\{closure}(Object(Laravel\\Lumen\\Http\\Request))
#35 D:\\Repositorys\\lansweeperchocolateypatchdashboard\\api-wsusinfo\\web\\vendor\\illuminate\\pipeline\\Pipeline.php(167): App\\Http\\Middleware\\CORS->handle(Object(Laravel\\Lumen\\Http\\Request), Object(Closure))
#36 [internal function]: Illuminate\\Pipeline\\Pipeline->Illuminate\\Pipeline\\{closure}(Object(Laravel\\Lumen\\Http\\Request))
#37 D:\\Repositorys\\lansweeperchocolateypatchdashboard\\api-wsusinfo\\web\\vendor\\laravel\\lumen-framework\\src\\Routing\\Pipeline.php(30): call_user_func(Object(Closure), Object(Laravel\\Lumen\\Http\\Request))
#38 D:\\Repositorys\\lansweeperchocolateypatchdashboard\\api-wsusinfo\\web\\vendor\\illuminate\\pipeline\\Pipeline.php(103): Laravel\\Lumen\\Routing\\Pipeline->Laravel\\Lumen\\Routing\\{closure}(Object(Laravel\\Lumen\\Http\\Request))
#39 D:\\Repositorys\\lansweeperchocolateypatchdashboard\\api-wsusinfo\\web\\vendor\\laravel\\lumen-framework\\src\\Concerns\\RoutesRequests.php(413): Illuminate\\Pipeline\\Pipeline->then(Object(Closure))
#40 D:\\Repositorys\\lansweeperchocolateypatchdashboard\\api-wsusinfo\\web\\vendor\\laravel\\lumen-framework\\src\\Concerns\\RoutesRequests.php(171): Laravel\\Lumen\\Application->sendThroughPipeline(Array, Object(Closure))
#41 D:\\Repositorys\\lansweeperchocolateypatchdashboard\\api-wsusinfo\\web\\vendor\\laravel\\lumen-framework\\src\\Concerns\\RoutesRequests.php(108): Laravel\\Lumen\\Application->dispatch(NULL)
#42 D:\\Repositorys\\lansweeperchocolateypatchdashboard\\api-wsusinfo\\web\\public\\index.php(28): Laravel\\Lumen\\Application->run()
#43 {main}
"} 
